#
# There is insufficient memory for the Java Runtime Environment to continue.
# Native memory allocation (malloc) failed to allocate 1652976 bytes for Chunk::new
# Possible reasons:
#   The system is out of physical RAM or swap space
#   The process is running with CompressedOops enabled, and the Java Heap may be blocking the growth of the native heap
# Possible solutions:
#   Reduce memory load on the system
#   Increase physical memory or swap space
#   Check if swap backing store is full
#   Decrease Java heap size (-Xmx/-Xms)
#   Decrease number of Java threads
#   Decrease Java thread stack sizes (-Xss)
#   Set larger code cache with -XX:ReservedCodeCacheSize=
#   JVM is running with Zero Based Compressed Oops mode in which the Java heap is
#     placed in the first 32GB address space. The Java Heap base address is the
#     maximum limit for the native heap growth. Please use -XX:HeapBaseMinAddress
#     to set the Java Heap base and to place the Java Heap above 32GB virtual address.
# This output file may be truncated or incomplete.
#
#  Out of Memory Error (arena.cpp:189), pid=15460, tid=15576
#
# JRE version: OpenJDK Runtime Environment (17.0.0.1+2) (build 17.0.0.1+2-3)
# Java VM: OpenJDK 64-Bit Server VM (17.0.0.1+2-3, mixed mode, sharing, tiered, compressed oops, compressed class ptrs, g1 gc, windows-amd64)
# No core dump will be written. Minidumps are not enabled by default on client versions of Windows
#

---------------  S U M M A R Y ------------

Command Line: --add-opens=java.base/java.lang=ALL-UNNAMED --add-opens=java.base/java.lang.invoke=ALL-UNNAMED --add-opens=java.base/java.util=ALL-UNNAMED --add-opens=java.prefs/java.util.prefs=ALL-UNNAMED --add-exports=jdk.compiler/com.sun.tools.javac.api=ALL-UNNAMED --add-exports=jdk.compiler/com.sun.tools.javac.util=ALL-UNNAMED --add-opens=java.base/java.util=ALL-UNNAMED --add-opens=java.prefs/java.util.prefs=ALL-UNNAMED --add-opens=java.base/java.nio.charset=ALL-UNNAMED --add-opens=java.base/java.net=ALL-UNNAMED --add-opens=java.base/java.util.concurrent.atomic=ALL-UNNAMED --add-opens=java.xml/javax.xml.namespace=ALL-UNNAMED -XX:MaxMetaspaceSize=4G -XX:ReservedCodeCacheSize=512m -XX:+HeapDumpOnOutOfMemoryError -Xmx8G -Dfile.encoding=UTF-8 -Duser.country=IN -Duser.language=en -Duser.variant -javaagent:C:\Users\user\.gradle\wrapper\dists\gradle-8.14-all\c2qonpi39x1mddn7hk5gh9iqj\gradle-8.14\lib\agents\gradle-instrumentation-agent-8.14.jar org.gradle.launcher.daemon.bootstrap.GradleDaemon 8.14

Host: 13th Gen Intel(R) Core(TM) i5-13420H, 12 cores, 7G,  Windows 10 , 64 bit Build 26100 (10.0.26100.7920)
Time: Mon Apr 13 13:05:55 2026 India Standard Time elapsed time: 141.614861 seconds (0d 0h 2m 21s)

---------------  T H R E A D  ---------------

Current thread (0x00000207c2809ef0):  JavaThread "C2 CompilerThread0" daemon [_thread_in_native, id=15576, stack(0x000000f512400000,0x000000f512500000)]


Current CompileTask:
C2: 141615 15040       4       java.lang.reflect.Constructor::newInstanceWithCaller (75 bytes)

Stack: [0x000000f512400000,0x000000f512500000]
Native frames: (J=compiled Java code, j=interpreted, Vv=VM code, C=native code)
V  [jvm.dll+0x66f8ea]
V  [jvm.dll+0x7ce224]
V  [jvm.dll+0x7cf9ce]
V  [jvm.dll+0x7d0033]
V  [jvm.dll+0x242bb5]
V  [jvm.dll+0xaa05b]
V  [jvm.dll+0xaa5ec]
V  [jvm.dll+0x35f9a2]
V  [jvm.dll+0x329f61]
V  [jvm.dll+0x32940a]
V  [jvm.dll+0x215ca1]
V  [jvm.dll+0x2150c1]
V  [jvm.dll+0x1a168d]
V  [jvm.dll+0x2248f8]
V  [jvm.dll+0x222a5c]
V  [jvm.dll+0x78422b]
V  [jvm.dll+0x77e7ea]
V  [jvm.dll+0x66e715]
C  [ucrtbase.dll+0x37b0]
C  [KERNEL32.DLL+0x2e8d7]
C  [ntdll.dll+0x8c48c]


---------------  P R O C E S S  ---------------

Threads class SMR info:
_java_thread_list=0x00000207d6301590, length=82, elements={
0x0000020784c43460, 0x00000207c27ef2d0, 0x00000207c27f0900, 0x00000207c28058b0,
0x00000207c2806170, 0x00000207c2808a40, 0x00000207c2809300, 0x00000207c2809ef0,
0x00000207c280e120, 0x00000207c2834ad0, 0x00000207c34c32e0, 0x00000207c361a270,
0x00000207c40c44a0, 0x00000207c4570170, 0x00000207c43075b0, 0x00000207c35ee660,
0x00000207c4b07030, 0x00000207c40499d0, 0x00000207c4c5f090, 0x00000207c4b9e920,
0x00000207c4ba0130, 0x00000207c4b9cc40, 0x00000207c4b9edf0, 0x00000207c4b9f2c0,
0x00000207c4b9c770, 0x00000207c4b9fc60, 0x00000207c4b9dab0, 0x00000207c4b9f790,
0x00000207c4b9e450, 0x00000207c4b9df80, 0x00000207c4b9d5e0, 0x00000207c6ddded0,
0x00000207c6dde870, 0x00000207c6de0080, 0x00000207c6ddf6e0, 0x00000207c6dded40,
0x00000207c6de0550, 0x00000207c6de2700, 0x00000207c6de2bd0, 0x00000207c6de3f10,
0x00000207c6de13c0, 0x00000207c6de30a0, 0x00000207c6de48b0, 0x00000207c6de2230,
0x00000207c8e38af0, 0x00000207c8e38fc0, 0x00000207c8e38150, 0x00000207c8e3bfe0,
0x00000207c8e3d7f0, 0x00000207c8e3f4d0, 0x00000207c8e3e660, 0x00000207c8e3dcc0,
0x00000207c8e3f000, 0x00000207c8e3bb10, 0x00000207c8e3c4b0, 0x00000207c8e3c980,
0x00000207c8e3ce50, 0x00000207c8e3d320, 0x00000207c4b9d110, 0x00000207c75b8ff0,
0x00000207c79b0ab0, 0x00000207c6de43e0, 0x00000207c8fb7d70, 0x00000207c8fb8240,
0x00000207c8fb8710, 0x00000207c8fb56f0, 0x00000207c8fb6560, 0x00000207c8fb6f00,
0x00000207c8fb6090, 0x00000207c8fb5220, 0x00000207c8fb5bc0, 0x00000207c8fb6a30,
0x00000207c8fb73d0, 0x00000207c8fb78a0, 0x00000207c8fb4d50, 0x00000207c8fbbc00,
0x00000207c8fbb730, 0x00000207c8fbc5a0, 0x00000207c8fb9f20, 0x00000207c8fb9a50,
0x00000207c8fba3f0, 0x00000207c8fbc0d0
}

Java Threads: ( => current thread )
  0x0000020784c43460 JavaThread "main" [_thread_blocked, id=15976, stack(0x000000f511700000,0x000000f511800000)]
  0x00000207c27ef2d0 JavaThread "Reference Handler" daemon [_thread_blocked, id=21320, stack(0x000000f511e00000,0x000000f511f00000)]
  0x00000207c27f0900 JavaThread "Finalizer" daemon [_thread_blocked, id=3776, stack(0x000000f511f00000,0x000000f512000000)]
  0x00000207c28058b0 JavaThread "Signal Dispatcher" daemon [_thread_blocked, id=13216, stack(0x000000f512000000,0x000000f512100000)]
  0x00000207c2806170 JavaThread "Attach Listener" daemon [_thread_blocked, id=14580, stack(0x000000f512100000,0x000000f512200000)]
  0x00000207c2808a40 JavaThread "Service Thread" daemon [_thread_blocked, id=6936, stack(0x000000f512200000,0x000000f512300000)]
  0x00000207c2809300 JavaThread "Monitor Deflation Thread" daemon [_thread_blocked, id=11052, stack(0x000000f512300000,0x000000f512400000)]
=>0x00000207c2809ef0 JavaThread "C2 CompilerThread0" daemon [_thread_in_native, id=15576, stack(0x000000f512400000,0x000000f512500000)]
  0x00000207c280e120 JavaThread "C1 CompilerThread0" daemon [_thread_blocked, id=2828, stack(0x000000f512500000,0x000000f512600000)]
  0x00000207c2834ad0 JavaThread "Sweeper thread" daemon [_thread_blocked, id=3700, stack(0x000000f512600000,0x000000f512700000)]
  0x00000207c34c32e0 JavaThread "Common-Cleaner" daemon [_thread_blocked, id=27268, stack(0x000000f512700000,0x000000f512800000)]
  0x00000207c361a270 JavaThread "Notification Thread" daemon [_thread_blocked, id=11340, stack(0x000000f512800000,0x000000f512900000)]
  0x00000207c40c44a0 JavaThread "Daemon health stats" [_thread_blocked, id=27816, stack(0x000000f512e00000,0x000000f512f00000)]
  0x00000207c4570170 JavaThread "Incoming local TCP Connector on port 65307" [_thread_in_native, id=29076, stack(0x000000f512f00000,0x000000f513000000)]
  0x00000207c43075b0 JavaThread "Daemon periodic checks" [_thread_blocked, id=20332, stack(0x000000f513000000,0x000000f513100000)]
  0x00000207c35ee660 JavaThread "Daemon" [_thread_blocked, id=4740, stack(0x000000f513100000,0x000000f513200000)]
  0x00000207c4b07030 JavaThread "Handler for socket connection from /127.0.0.1:65307 to /127.0.0.1:65308" [_thread_in_native, id=5412, stack(0x000000f513200000,0x000000f513300000)]
  0x00000207c40499d0 JavaThread "Cancel handler" [_thread_blocked, id=26888, stack(0x000000f513300000,0x000000f513400000)]
  0x00000207c4c5f090 JavaThread "Daemon worker" [_thread_in_vm, id=21412, stack(0x000000f513400000,0x000000f513500000)]
  0x00000207c4b9e920 JavaThread "Asynchronous log dispatcher for DefaultDaemonConnection: socket connection from /127.0.0.1:65307 to /127.0.0.1:65308" [_thread_blocked, id=15292, stack(0x000000f513500000,0x000000f513600000)]
  0x00000207c4ba0130 JavaThread "Stdin handler" [_thread_blocked, id=30896, stack(0x000000f513600000,0x000000f513700000)]
  0x00000207c4b9cc40 JavaThread "Daemon client event forwarder" [_thread_blocked, id=16348, stack(0x000000f513700000,0x000000f513800000)]
  0x00000207c4b9edf0 JavaThread "Cache worker for journal cache (C:\Users\user\.gradle\caches\journal-1)" [_thread_blocked, id=24684, stack(0x000000f513d00000,0x000000f513e00000)]
  0x00000207c4b9f2c0 JavaThread "File lock request listener" [_thread_in_native, id=30760, stack(0x000000f513e00000,0x000000f513f00000)]
  0x00000207c4b9c770 JavaThread "Cache worker for file hash cache (C:\Users\user\.gradle\caches\8.14\fileHashes)" [_thread_blocked, id=576, stack(0x000000f513f00000,0x000000f514000000)]
  0x00000207c4b9fc60 JavaThread "File lock release action executor" [_thread_blocked, id=12700, stack(0x000000f514000000,0x000000f514100000)]
  0x00000207c4b9dab0 JavaThread "Cache worker for file hash cache (C:\Users\user\chat-node-api\flutter_chat_app\android\.gradle\8.14\fileHashes)" [_thread_blocked, id=4440, stack(0x000000f514200000,0x000000f514300000)]
  0x00000207c4b9f790 JavaThread "Cache worker for Build Output Cleanup Cache (C:\Users\user\chat-node-api\flutter_chat_app\android\.gradle\buildOutputCleanup)" [_thread_blocked, id=15840, stack(0x000000f514300000,0x000000f514400000)]
  0x00000207c4b9e450 JavaThread "File watcher server" daemon [_thread_in_native, id=11620, stack(0x000000f514600000,0x000000f514700000)]
  0x00000207c4b9df80 JavaThread "File watcher consumer" daemon [_thread_blocked, id=21868, stack(0x000000f514700000,0x000000f514800000)]
  0x00000207c4b9d5e0 JavaThread "jar transforms" [_thread_blocked, id=22796, stack(0x000000f514800000,0x000000f514900000)]
  0x00000207c6ddded0 JavaThread "jar transforms Thread 2" [_thread_blocked, id=16336, stack(0x000000f514900000,0x000000f514a00000)]
  0x00000207c6dde870 JavaThread "jar transforms Thread 3" [_thread_blocked, id=20780, stack(0x000000f514a00000,0x000000f514b00000)]
  0x00000207c6de0080 JavaThread "jar transforms Thread 4" [_thread_blocked, id=17664, stack(0x000000f514b00000,0x000000f514c00000)]
  0x00000207c6ddf6e0 JavaThread "jar transforms Thread 5" [_thread_blocked, id=20144, stack(0x000000f514e00000,0x000000f514f00000)]
  0x00000207c6dded40 JavaThread "Cache worker for checksums cache (C:\Users\user\chat-node-api\flutter_chat_app\android\.gradle\8.14\checksums)" [_thread_blocked, id=13468, stack(0x000000f514f00000,0x000000f515000000)]
  0x00000207c6de0550 JavaThread "Cache worker for file content cache (C:\Users\user\.gradle\caches\8.14\fileContent)" [_thread_blocked, id=12988, stack(0x000000f515000000,0x000000f515100000)]
  0x00000207c6de2700 JavaThread "jar transforms Thread 6" [_thread_blocked, id=7236, stack(0x000000f511400000,0x000000f511500000)]
  0x00000207c6de2bd0 JavaThread "jar transforms Thread 7" [_thread_blocked, id=14740, stack(0x000000f511500000,0x000000f511600000)]
  0x00000207c6de3f10 JavaThread "jar transforms Thread 8" [_thread_blocked, id=24272, stack(0x000000f511600000,0x000000f511700000)]
  0x00000207c6de13c0 JavaThread "jar transforms Thread 9" [_thread_blocked, id=21948, stack(0x000000f515100000,0x000000f515200000)]
  0x00000207c6de30a0 JavaThread "jar transforms Thread 10" [_thread_blocked, id=12008, stack(0x000000f515200000,0x000000f515300000)]
  0x00000207c6de48b0 JavaThread "jar transforms Thread 11" [_thread_blocked, id=17880, stack(0x000000f515300000,0x000000f515400000)]
  0x00000207c6de2230 JavaThread "jar transforms Thread 12" [_thread_blocked, id=21652, stack(0x000000f515400000,0x000000f515500000)]
  0x00000207c8e38af0 JavaThread "Cache worker for cache directory md-supplier (C:\Users\user\.gradle\caches\8.14\md-supplier)" [_thread_blocked, id=32184, stack(0x000000f515600000,0x000000f515700000)]
  0x00000207c8e38fc0 JavaThread "Cache worker for cache directory md-rule (C:\Users\user\.gradle\caches\8.14\md-rule)" [_thread_blocked, id=32148, stack(0x000000f515700000,0x000000f515800000)]
  0x00000207c8e38150 JavaThread "Cache worker for Build Output Cleanup Cache (C:\src\flutter\packages\flutter_tools\gradle\.gradle\buildOutputCleanup)" [_thread_blocked, id=32640, stack(0x000000f515900000,0x000000f515a00000)]
  0x00000207c8e3bfe0 JavaThread "Unconstrained build operations" [_thread_blocked, id=8048, stack(0x000000f514d00000,0x000000f514e00000)]
  0x00000207c8e3d7f0 JavaThread "Unconstrained build operations Thread 2" [_thread_blocked, id=13324, stack(0x000000f515800000,0x000000f515900000)]
  0x00000207c8e3f4d0 JavaThread "Unconstrained build operations Thread 3" [_thread_blocked, id=31988, stack(0x000000f515a00000,0x000000f515b00000)]
  0x00000207c8e3e660 JavaThread "Unconstrained build operations Thread 4" [_thread_blocked, id=17792, stack(0x000000f515b00000,0x000000f515c00000)]
  0x00000207c8e3dcc0 JavaThread "Unconstrained build operations Thread 5" [_thread_blocked, id=32296, stack(0x000000f515c00000,0x000000f515d00000)]
  0x00000207c8e3f000 JavaThread "Unconstrained build operations Thread 6" [_thread_blocked, id=31960, stack(0x000000f515d00000,0x000000f515e00000)]
  0x00000207c8e3bb10 JavaThread "Unconstrained build operations Thread 7" [_thread_blocked, id=31972, stack(0x000000f515e00000,0x000000f515f00000)]
  0x00000207c8e3c4b0 JavaThread "Unconstrained build operations Thread 8" [_thread_blocked, id=31892, stack(0x000000f515f00000,0x000000f516000000)]
  0x00000207c8e3c980 JavaThread "Unconstrained build operations Thread 9" [_thread_blocked, id=7320, stack(0x000000f516000000,0x000000f516100000)]
  0x00000207c8e3ce50 JavaThread "Unconstrained build operations Thread 10" [_thread_blocked, id=19776, stack(0x000000f516100000,0x000000f516200000)]
  0x00000207c8e3d320 JavaThread "Unconstrained build operations Thread 11" [_thread_blocked, id=11468, stack(0x000000f516200000,0x000000f516300000)]
  0x00000207c4b9d110 JavaThread "Unconstrained build operations Thread 12" [_thread_blocked, id=8452, stack(0x000000f516300000,0x000000f516400000)]
  0x00000207c75b8ff0 JavaThread "Unconstrained build operations Thread 13" [_thread_blocked, id=22948, stack(0x000000f516400000,0x000000f516500000)]
  0x00000207c79b0ab0 JavaThread "Unconstrained build operations Thread 14" [_thread_blocked, id=15044, stack(0x000000f516500000,0x000000f516600000)]
  0x00000207c6de43e0 JavaThread "Unconstrained build operations Thread 15" [_thread_blocked, id=30224, stack(0x000000f516600000,0x000000f516700000)]
  0x00000207c8fb7d70 JavaThread "Unconstrained build operations Thread 16" [_thread_blocked, id=18008, stack(0x000000f516700000,0x000000f516800000)]
  0x00000207c8fb8240 JavaThread "Unconstrained build operations Thread 17" [_thread_blocked, id=18752, stack(0x000000f516800000,0x000000f516900000)]
  0x00000207c8fb8710 JavaThread "Unconstrained build operations Thread 18" [_thread_blocked, id=10148, stack(0x000000f516900000,0x000000f516a00000)]
  0x00000207c8fb56f0 JavaThread "Unconstrained build operations Thread 19" [_thread_blocked, id=18772, stack(0x000000f516a00000,0x000000f516b00000)]
  0x00000207c8fb6560 JavaThread "Unconstrained build operations Thread 20" [_thread_blocked, id=30488, stack(0x000000f516b00000,0x000000f516c00000)]
  0x00000207c8fb6f00 JavaThread "Unconstrained build operations Thread 21" [_thread_blocked, id=2872, stack(0x000000f516c00000,0x000000f516d00000)]
  0x00000207c8fb6090 JavaThread "Unconstrained build operations Thread 22" [_thread_blocked, id=19792, stack(0x000000f516d00000,0x000000f516e00000)]
  0x00000207c8fb5220 JavaThread "Unconstrained build operations Thread 23" [_thread_blocked, id=17452, stack(0x000000f516e00000,0x000000f516f00000)]
  0x00000207c8fb5bc0 JavaThread "Unconstrained build operations Thread 24" [_thread_blocked, id=14928, stack(0x000000f516f00000,0x000000f517000000)]
  0x00000207c8fb6a30 JavaThread "Unconstrained build operations Thread 25" [_thread_blocked, id=29400, stack(0x000000f517000000,0x000000f517100000)]
  0x00000207c8fb73d0 JavaThread "Unconstrained build operations Thread 26" [_thread_blocked, id=5928, stack(0x000000f517100000,0x000000f517200000)]
  0x00000207c8fb78a0 JavaThread "Unconstrained build operations Thread 27" [_thread_blocked, id=19976, stack(0x000000f517200000,0x000000f517300000)]
  0x00000207c8fb4d50 JavaThread "Unconstrained build operations Thread 28" [_thread_blocked, id=21724, stack(0x000000f517300000,0x000000f517400000)]
  0x00000207c8fbbc00 JavaThread "Unconstrained build operations Thread 29" [_thread_blocked, id=32588, stack(0x000000f517400000,0x000000f517500000)]
  0x00000207c8fbb730 JavaThread "Unconstrained build operations Thread 30" [_thread_blocked, id=8080, stack(0x000000f517500000,0x000000f517600000)]
  0x00000207c8fbc5a0 JavaThread "Unconstrained build operations Thread 31" [_thread_blocked, id=30684, stack(0x000000f517600000,0x000000f517700000)]
  0x00000207c8fb9f20 JavaThread "Unconstrained build operations Thread 32" [_thread_blocked, id=12100, stack(0x000000f517700000,0x000000f517800000)]
  0x00000207c8fb9a50 JavaThread "Unconstrained build operations Thread 33" [_thread_blocked, id=6252, stack(0x000000f517800000,0x000000f517900000)]
  0x00000207c8fba3f0 JavaThread "Memory manager" [_thread_blocked, id=32096, stack(0x000000f517900000,0x000000f517a00000)]
  0x00000207c8fbc0d0 JavaThread "build event listener" [_thread_blocked, id=31920, stack(0x000000f517a00000,0x000000f517b00000)]

Other Threads:
  0x00000207c27e9200 VMThread "VM Thread" [stack: 0x000000f511d00000,0x000000f511e00000] [id=11344]
  0x0000020784cd7dc0 WatcherThread [stack: 0x000000f512900000,0x000000f512a00000] [id=26036]
  0x00000207829de850 GCTaskThread "GC Thread#0" [stack: 0x000000f511800000,0x000000f511900000] [id=8216]
  0x00000207c369e2b0 GCTaskThread "GC Thread#1" [stack: 0x000000f512a00000,0x000000f512b00000] [id=24524]
  0x00000207c3737930 GCTaskThread "GC Thread#2" [stack: 0x000000f512b00000,0x000000f512c00000] [id=15188]
  0x00000207c3a0b6b0 GCTaskThread "GC Thread#3" [stack: 0x000000f512c00000,0x000000f512d00000] [id=15020]
  0x00000207c3a0bec0 GCTaskThread "GC Thread#4" [stack: 0x000000f512d00000,0x000000f512e00000] [id=11516]
  0x00000207c3a0c170 GCTaskThread "GC Thread#5" [stack: 0x000000f513800000,0x000000f513900000] [id=10428]
  0x00000207c3a0b150 GCTaskThread "GC Thread#6" [stack: 0x000000f513900000,0x000000f513a00000] [id=7624]
  0x00000207c3a0b400 GCTaskThread "GC Thread#7" [stack: 0x000000f513a00000,0x000000f513b00000] [id=16624]
  0x00000207c3a0c6d0 GCTaskThread "GC Thread#8" [stack: 0x000000f513b00000,0x000000f513c00000] [id=18376]
  0x00000207c4b5c970 GCTaskThread "GC Thread#9" [stack: 0x000000f513c00000,0x000000f513d00000] [id=28340]
  0x0000020784cc9f20 ConcurrentGCThread "G1 Main Marker" [stack: 0x000000f511900000,0x000000f511a00000] [id=31012]
  0x0000020784cca740 ConcurrentGCThread "G1 Conc#0" [stack: 0x000000f511a00000,0x000000f511b00000] [id=19868]
  0x00000207c4b5c6c0 ConcurrentGCThread "G1 Conc#1" [stack: 0x000000f514100000,0x000000f514200000] [id=24788]
  0x00000207c4b5bc00 ConcurrentGCThread "G1 Conc#2" [stack: 0x000000f514400000,0x000000f514500000] [id=12580]
  0x00000207c26a2520 ConcurrentGCThread "G1 Refine#0" [stack: 0x000000f511b00000,0x000000f511c00000] [id=15284]
  0x00000207c75dfa80 ConcurrentGCThread "G1 Refine#1" [stack: 0x000000f514500000,0x000000f514600000] [id=20180]
  0x00000207c7840d30 ConcurrentGCThread "G1 Refine#2" [stack: 0x000000f515500000,0x000000f515600000] [id=11816]
  0x00000207c26a2e50 ConcurrentGCThread "G1 Service" [stack: 0x000000f511c00000,0x000000f511d00000] [id=13008]

Threads with active compile tasks:
C2 CompilerThread0   141672 15040       4       java.lang.reflect.Constructor::newInstanceWithCaller (75 bytes)

VM state: not at safepoint (normal execution)

VM Mutex/Monitor currently owned by a thread: None

Heap address: 0x0000000600000000, size: 8192 MB, Compressed Oops mode: Zero based, Oop shift amount: 3

CDS archive(s) mapped at: [0x0000000800000000-0x0000000800bc0000-0x0000000800bc0000), size 12320768, SharedBaseAddress: 0x0000000800000000, ArchiveRelocationMode: 0.
Compressed class space mapped at: 0x0000000800c00000-0x0000000840c00000, reserved size: 1073741824
Narrow klass base: 0x0000000800000000, Narrow klass shift: 0, Narrow klass range: 0x100000000

GC Precious Log:
 CPUs: 12 total, 12 available
 Memory: 7915M
 Large Page Support: Disabled
 NUMA Support: Disabled
 Compressed Oops: Enabled (Zero based)
 Heap Region Size: 4M
 Heap Min Capacity: 8M
 Heap Initial Capacity: 124M
 Heap Max Capacity: 8G
 Pre-touch: Disabled
 Parallel Workers: 10
 Concurrent Workers: 3
 Concurrent Refinement Workers: 10
 Periodic GC: Disabled

Heap:
 garbage-first heap   total 225280K, used 145346K [0x0000000600000000, 0x0000000800000000)
  region size 4096K, 7 young (28672K), 1 survivors (4096K)
 Metaspace       used 130320K, committed 131200K, reserved 1171456K
  class space    used 16869K, committed 17280K, reserved 1048576K

Heap Regions: E=young(eden), S=young(survivor), O=old, HS=humongous(starts), HC=humongous(continues), CS=collection set, F=free, OA=open archive, CA=closed archive, TAMS=top-at-mark-start (previous, next)
|   0|0x0000000600000000, 0x0000000600400000, 0x0000000600400000|100%|HS|  |TAMS 0x0000000600400000, 0x0000000600000000| Complete 
|   1|0x0000000600400000, 0x0000000600800000, 0x0000000600800000|100%| O|  |TAMS 0x0000000600800000, 0x0000000600400000| Untracked 
|   2|0x0000000600800000, 0x0000000600c00000, 0x0000000600c00000|100%| O|  |TAMS 0x0000000600c00000, 0x0000000600800000| Untracked 
|   3|0x0000000600c00000, 0x0000000601000000, 0x0000000601000000|100%| O|  |TAMS 0x0000000601000000, 0x0000000600c00000| Untracked 
|   4|0x0000000601000000, 0x0000000601400000, 0x0000000601400000|100%| O|  |TAMS 0x0000000601400000, 0x0000000601000000| Untracked 
|   5|0x0000000601400000, 0x0000000601800000, 0x0000000601800000|100%| O|  |TAMS 0x0000000601800000, 0x0000000601400000| Untracked 
|   6|0x0000000601800000, 0x0000000601c00000, 0x0000000601c00000|100%| O|  |TAMS 0x0000000601c00000, 0x0000000601800000| Untracked 
|   7|0x0000000601c00000, 0x0000000602000000, 0x0000000602000000|100%| O|  |TAMS 0x0000000602000000, 0x0000000601c00000| Untracked 
|   8|0x0000000602000000, 0x0000000602400000, 0x0000000602400000|100%| O|  |TAMS 0x0000000602400000, 0x0000000602000000| Untracked 
|   9|0x0000000602400000, 0x0000000602800000, 0x0000000602800000|100%| O|  |TAMS 0x0000000602800000, 0x0000000602400000| Untracked 
|  10|0x0000000602800000, 0x0000000602c00000, 0x0000000602c00000|100%| O|  |TAMS 0x0000000602c00000, 0x0000000602800000| Untracked 
|  11|0x0000000602c00000, 0x0000000603000000, 0x0000000603000000|100%| O|  |TAMS 0x0000000603000000, 0x0000000602c00000| Untracked 
|  12|0x0000000603000000, 0x0000000603400000, 0x0000000603400000|100%| O|  |TAMS 0x0000000603400000, 0x0000000603000000| Untracked 
|  13|0x0000000603400000, 0x0000000603800000, 0x0000000603800000|100%| O|  |TAMS 0x0000000603800000, 0x0000000603400000| Untracked 
|  14|0x0000000603800000, 0x0000000603c00000, 0x0000000603c00000|100%|HS|  |TAMS 0x0000000603c00000, 0x0000000603800000| Complete 
|  15|0x0000000603c00000, 0x0000000604000000, 0x0000000604000000|100%|HC|  |TAMS 0x0000000604000000, 0x0000000603c00000| Complete 
|  16|0x0000000604000000, 0x0000000604400000, 0x0000000604400000|100%| O|  |TAMS 0x0000000604400000, 0x0000000604000000| Untracked 
|  17|0x0000000604400000, 0x0000000604800000, 0x0000000604800000|100%| O|  |TAMS 0x0000000604800000, 0x0000000604400000| Untracked 
|  18|0x0000000604800000, 0x0000000604c00000, 0x0000000604c00000|100%| O|  |TAMS 0x0000000604c00000, 0x0000000604800000| Untracked 
|  19|0x0000000604c00000, 0x0000000605000000, 0x0000000605000000|100%| O|  |TAMS 0x0000000605000000, 0x0000000604c00000| Untracked 
|  20|0x0000000605000000, 0x0000000605400000, 0x0000000605400000|100%|HS|  |TAMS 0x0000000605000000, 0x0000000605000000| Complete 
|  21|0x0000000605400000, 0x0000000605800000, 0x0000000605800000|100%| O|  |TAMS 0x0000000605800000, 0x0000000605400000| Untracked 
|  22|0x0000000605800000, 0x0000000605c00000, 0x0000000605c00000|100%| O|  |TAMS 0x0000000605800000, 0x0000000605800000| Untracked 
|  23|0x0000000605c00000, 0x0000000606000000, 0x0000000606000000|100%| O|  |TAMS 0x0000000606000000, 0x0000000605c00000| Untracked 
|  24|0x0000000606000000, 0x0000000606400000, 0x0000000606400000|100%| O|  |TAMS 0x0000000606400000, 0x0000000606000000| Untracked 
|  25|0x0000000606400000, 0x0000000606800000, 0x0000000606800000|100%| O|  |TAMS 0x0000000606400000, 0x0000000606400000| Untracked 
|  26|0x0000000606800000, 0x0000000606c00000, 0x0000000606c00000|100%| O|  |TAMS 0x0000000606800000, 0x0000000606800000| Untracked 
|  27|0x0000000606c00000, 0x0000000607000000, 0x0000000607000000|100%|HS|  |TAMS 0x0000000606c00000, 0x0000000606c00000| Complete 
|  28|0x0000000607000000, 0x0000000607400000, 0x0000000607400000|100%| O|  |TAMS 0x0000000607400000, 0x0000000607000000| Untracked 
|  29|0x0000000607400000, 0x0000000607800000, 0x0000000607800000|100%| O|  |TAMS 0x00000006075c0000, 0x0000000607400000| Untracked 
|  30|0x0000000607800000, 0x000000060792ea00, 0x0000000607c00000| 29%| O|  |TAMS 0x0000000607800000, 0x0000000607800000| Untracked 
|  31|0x0000000607c00000, 0x0000000607c00000, 0x0000000608000000|  0%| F|  |TAMS 0x0000000607c00000, 0x0000000607c00000| Untracked 
|  32|0x0000000608000000, 0x0000000608000000, 0x0000000608400000|  0%| F|  |TAMS 0x0000000608000000, 0x0000000608000000| Untracked 
|  33|0x0000000608400000, 0x0000000608400000, 0x0000000608800000|  0%| F|  |TAMS 0x0000000608400000, 0x0000000608400000| Untracked 
|  34|0x0000000608800000, 0x0000000608800000, 0x0000000608c00000|  0%| F|  |TAMS 0x0000000608800000, 0x0000000608800000| Untracked 
|  35|0x0000000608c00000, 0x0000000608c00000, 0x0000000609000000|  0%| F|  |TAMS 0x0000000608c00000, 0x0000000608c00000| Untracked 
|  36|0x0000000609000000, 0x0000000609000000, 0x0000000609400000|  0%| F|  |TAMS 0x0000000609000000, 0x0000000609000000| Untracked 
|  37|0x0000000609400000, 0x0000000609400000, 0x0000000609800000|  0%| F|  |TAMS 0x0000000609400000, 0x0000000609400000| Untracked 
|  38|0x0000000609800000, 0x0000000609800000, 0x0000000609c00000|  0%| F|  |TAMS 0x0000000609800000, 0x0000000609800000| Untracked 
|  39|0x0000000609c00000, 0x0000000609c00000, 0x000000060a000000|  0%| F|  |TAMS 0x0000000609c00000, 0x0000000609c00000| Untracked 
|  40|0x000000060a000000, 0x000000060a000000, 0x000000060a400000|  0%| F|  |TAMS 0x000000060a000000, 0x000000060a000000| Untracked 
|  41|0x000000060a400000, 0x000000060a400000, 0x000000060a800000|  0%| F|  |TAMS 0x000000060a400000, 0x000000060a400000| Untracked 
|  42|0x000000060a800000, 0x000000060a800000, 0x000000060ac00000|  0%| F|  |TAMS 0x000000060a800000, 0x000000060a800000| Untracked 
|  43|0x000000060ac00000, 0x000000060ac00000, 0x000000060b000000|  0%| F|  |TAMS 0x000000060ac00000, 0x000000060ac00000| Untracked 
|  44|0x000000060b000000, 0x000000060b000000, 0x000000060b400000|  0%| F|  |TAMS 0x000000060b000000, 0x000000060b000000| Untracked 
|  45|0x000000060b400000, 0x000000060b400000, 0x000000060b800000|  0%| F|  |TAMS 0x000000060b400000, 0x000000060b400000| Untracked 
|  46|0x000000060b800000, 0x000000060b800000, 0x000000060bc00000|  0%| F|  |TAMS 0x000000060b800000, 0x000000060b800000| Untracked 
|  47|0x000000060bc00000, 0x000000060bc00000, 0x000000060c000000|  0%| F|  |TAMS 0x000000060bc00000, 0x000000060bc00000| Untracked 
|  48|0x000000060c000000, 0x000000060c20dd00, 0x000000060c400000| 51%| E|  |TAMS 0x000000060c000000, 0x000000060c000000| Complete 
|  49|0x000000060c400000, 0x000000060c800000, 0x000000060c800000|100%| E|CS|TAMS 0x000000060c400000, 0x000000060c400000| Complete 
|  50|0x000000060c800000, 0x000000060cc00000, 0x000000060cc00000|100%| E|CS|TAMS 0x000000060c800000, 0x000000060c800000| Complete 
|  51|0x000000060cc00000, 0x000000060d000000, 0x000000060d000000|100%| E|CS|TAMS 0x000000060cc00000, 0x000000060cc00000| Complete 
|  52|0x000000060d000000, 0x000000060d400000, 0x000000060d400000|100%| E|CS|TAMS 0x000000060d000000, 0x000000060d000000| Complete 
|  53|0x000000060d400000, 0x000000060d4c21f0, 0x000000060d800000| 18%| S|CS|TAMS 0x000000060d400000, 0x000000060d400000| Complete 
|  54|0x000000060d800000, 0x000000060dc00000, 0x000000060dc00000|100%| E|CS|TAMS 0x000000060d800000, 0x000000060d800000| Complete 

Card table byte_map: [0x00000207adba0000,0x00000207aeba0000] _byte_map_base: 0x00000207aaba0000

Marking Bits (Prev, Next): (CMBitMap*) 0x0000020784cb5300, (CMBitMap*) 0x0000020784cb52c0
 Prev Bits: [0x00000207b7ba0000, 0x00000207bfba0000)
 Next Bits: [0x00000207afba0000, 0x00000207b7ba0000)

Polling page: 0x0000020784400000

Metaspace:

Usage:
  Non-class:    110.79 MB used.
      Class:     16.47 MB used.
       Both:    127.27 MB used.

Virtual space:
  Non-class space:      120.00 MB reserved,     111.25 MB ( 93%) committed,  15 nodes.
      Class space:        1.00 GB reserved,      16.88 MB (  2%) committed,  1 nodes.
             Both:        1.12 GB reserved,     128.12 MB ( 11%) committed. 

Chunk freelists:
   Non-Class:  3.88 MB
       Class:  3.17 MB
        Both:  7.05 MB

MaxMetaspaceSize: 4.00 GB
CompressedClassSpaceSize: 1.00 GB
Initial GC threshold: 21.00 MB
Current GC threshold: 202.81 MB
CDS: on
MetaspaceReclaimPolicy: balanced
 - commit_granule_bytes: 65536.
 - commit_granule_words: 8192.
 - virtual_space_node_default_size: 1048576.
 - enlarge_chunks_in_place: 1.
 - new_chunks_are_fully_committed: 0.
 - uncommit_free_chunks: 1.
 - use_allocation_guard: 0.
 - handle_deallocations: 1.


Internal statistics:

num_allocs_failed_limit: 9.
num_arena_births: 1166.
num_arena_deaths: 12.
num_vsnodes_births: 16.
num_vsnodes_deaths: 0.
num_space_committed: 2048.
num_space_uncommitted: 0.
num_chunks_returned_to_freelist: 36.
num_chunks_taken_from_freelist: 6170.
num_chunk_merges: 8.
num_chunk_splits: 4527.
num_chunks_enlarged: 3553.
num_purges: 2.
num_inconsistent_stats: 0.

CodeHeap 'non-profiled nmethods': size=259264Kb used=7793Kb max_used=7793Kb free=251470Kb
 bounds [0x000002079c6f0000, 0x000002079ce90000, 0x00000207ac420000]
CodeHeap 'profiled nmethods': size=259264Kb used=28932Kb max_used=28932Kb free=230331Kb
 bounds [0x000002078c9c0000, 0x000002078e610000, 0x000002079c6f0000]
CodeHeap 'non-nmethods': size=5760Kb used=2568Kb max_used=2618Kb free=3191Kb
 bounds [0x000002078c420000, 0x000002078c6c0000, 0x000002078c9c0000]
 total_blobs=14184 nmethods=13052 adapters=1040
 compilation: enabled
              stopped_count=0, restarted_count=0
 full_count=0

Compilation events (20 events):
Event: 140.570 Thread 0x00000207c280e120 15071       3       org.gradle.internal.deprecation.DeprecationMessageBuilder$WithReplacement::<init> (10 bytes)
Event: 140.571 Thread 0x00000207c280e120 nmethod 15071 0x000002078e5f5c10 code [0x000002078e5f5dc0, 0x000002078e5f6098]
Event: 140.571 Thread 0x00000207c280e120 15072       3       org.gradle.internal.deprecation.DeprecationMessageBuilder::<init> (17 bytes)
Event: 140.571 Thread 0x00000207c280e120 nmethod 15072 0x000002078e5f6190 code [0x000002078e5f6340, 0x000002078e5f6558]
Event: 140.571 Thread 0x00000207c280e120 15073   !   3       org.gradle.internal.deprecation.DeprecationLogger::whileDisabled (21 bytes)
Event: 140.572 Thread 0x00000207c280e120 nmethod 15073 0x000002078e5f6610 code [0x000002078e5f6880, 0x000002078e5f73d8]
Event: 140.572 Thread 0x00000207c280e120 15074       3       org.gradle.api.internal.artifacts.ivyservice.moduleconverter.DefaultRootComponentMetadataBuilder$MetadataHolder::currentValue (23 bytes)
Event: 140.572 Thread 0x00000207c280e120 nmethod 15074 0x000002078e5f7710 code [0x000002078e5f78c0, 0x000002078e5f7c08]
Event: 140.572 Thread 0x00000207c280e120 15075       3       org.gradle.api.internal.artifacts.ivyservice.moduleconverter.DefaultRootComponentMetadataBuilder$MetadataHolder::validateMutation (23 bytes)
Event: 140.573 Thread 0x00000207c280e120 nmethod 15075 0x000002078e5f7d10 code [0x000002078e5f7f20, 0x000002078e5f86f8]
Event: 140.575 Thread 0x00000207c280e120 15076       3       org.gradle.internal.logging.progress.DefaultProgressLoggerFactory$ProgressLoggerImpl::<init> (69 bytes)
Event: 140.576 Thread 0x00000207c280e120 nmethod 15076 0x000002078e5f8a10 code [0x000002078e5f8be0, 0x000002078e5f9178]
Event: 140.578 Thread 0x00000207c280e120 15077       3       org.gradle.api.internal.provider.ValidatingMapEntryCollector::add (189 bytes)
Event: 140.580 Thread 0x00000207c280e120 nmethod 15077 0x000002078e5f9290 code [0x000002078e5f97a0, 0x000002078e5fc208]
Event: 140.580 Thread 0x00000207c280e120 15080       3       org.gradle.tooling.internal.provider.runner.BuildPhaseOperationListener::started (50 bytes)
Event: 140.582 Thread 0x00000207c280e120 nmethod 15080 0x000002078e5fd010 code [0x000002078e5fd260, 0x000002078e5fe008]
Event: 140.582 Thread 0x00000207c280e120 15078       3       com.google.common.base.Preconditions::checkNotNull (30 bytes)
Event: 140.582 Thread 0x00000207c280e120 nmethod 15078 0x000002078e5fe410 code [0x000002078e5fe600, 0x000002078e5fec38]
Event: 140.582 Thread 0x00000207c280e120 15079       3       org.gradle.internal.deprecation.Documentation$AbstractBuilder::withUpgradeGuideSection (10 bytes)
Event: 140.583 Thread 0x00000207c280e120 nmethod 15079 0x000002078e5fee10 code [0x000002078e5fefe0, 0x000002078e5ff588]

GC Heap History (20 events):
Event: 120.721 GC heap before
{Heap before GC invocations=38 (full 0):
 garbage-first heap   total 184320K, used 147677K [0x0000000600000000, 0x0000000800000000)
  region size 4096K, 13 young (53248K), 2 survivors (8192K)
 Metaspace       used 113249K, committed 114048K, reserved 1155072K
  class space    used 14367K, committed 14720K, reserved 1048576K
}
Event: 120.733 GC heap after
{Heap after GC invocations=39 (full 0):
 garbage-first heap   total 184320K, used 103961K [0x0000000600000000, 0x0000000800000000)
  region size 4096K, 2 young (8192K), 2 survivors (8192K)
 Metaspace       used 113249K, committed 114048K, reserved 1155072K
  class space    used 14367K, committed 14720K, reserved 1048576K
}
Event: 121.519 GC heap before
{Heap before GC invocations=40 (full 0):
 garbage-first heap   total 204800K, used 149017K [0x0000000600000000, 0x0000000800000000)
  region size 4096K, 13 young (53248K), 2 survivors (8192K)
 Metaspace       used 113392K, committed 114176K, reserved 1155072K
  class space    used 14369K, committed 14720K, reserved 1048576K
}
Event: 121.530 GC heap after
{Heap after GC invocations=41 (full 0):
 garbage-first heap   total 204800K, used 109332K [0x0000000600000000, 0x0000000800000000)
  region size 4096K, 2 young (8192K), 2 survivors (8192K)
 Metaspace       used 113392K, committed 114176K, reserved 1155072K
  class space    used 14369K, committed 14720K, reserved 1048576K
}
Event: 123.327 GC heap before
{Heap before GC invocations=41 (full 0):
 garbage-first heap   total 204800K, used 166676K [0x0000000600000000, 0x0000000800000000)
  region size 4096K, 16 young (65536K), 2 survivors (8192K)
 Metaspace       used 114793K, committed 115520K, reserved 1155072K
  class space    used 14505K, committed 14848K, reserved 1048576K
}
Event: 123.342 GC heap after
{Heap after GC invocations=42 (full 0):
 garbage-first heap   total 204800K, used 114637K [0x0000000600000000, 0x0000000800000000)
  region size 4096K, 2 young (8192K), 2 survivors (8192K)
 Metaspace       used 114793K, committed 115520K, reserved 1155072K
  class space    used 14505K, committed 14848K, reserved 1048576K
}
Event: 130.871 GC heap before
{Heap before GC invocations=43 (full 0):
 garbage-first heap   total 204800K, used 163789K [0x0000000600000000, 0x0000000800000000)
  region size 4096K, 14 young (57344K), 2 survivors (8192K)
 Metaspace       used 117633K, committed 118464K, reserved 1155072K
  class space    used 14987K, committed 15360K, reserved 1048576K
}
Event: 130.887 GC heap after
{Heap after GC invocations=44 (full 0):
 garbage-first heap   total 204800K, used 118746K [0x0000000600000000, 0x0000000800000000)
  region size 4096K, 2 young (8192K), 2 survivors (8192K)
 Metaspace       used 117633K, committed 118464K, reserved 1155072K
  class space    used 14987K, committed 15360K, reserved 1048576K
}
Event: 131.293 GC heap before
{Heap before GC invocations=44 (full 0):
 garbage-first heap   total 204800K, used 163802K [0x0000000600000000, 0x0000000800000000)
  region size 4096K, 13 young (53248K), 2 survivors (8192K)
 Metaspace       used 117733K, committed 118592K, reserved 1155072K
  class space    used 14989K, committed 15360K, reserved 1048576K
}
Event: 131.300 GC heap after
{Heap after GC invocations=45 (full 0):
 garbage-first heap   total 204800K, used 121849K [0x0000000600000000, 0x0000000800000000)
  region size 4096K, 2 young (8192K), 2 survivors (8192K)
 Metaspace       used 117733K, committed 118592K, reserved 1155072K
  class space    used 14989K, committed 15360K, reserved 1048576K
}
Event: 135.878 GC heap before
{Heap before GC invocations=46 (full 0):
 garbage-first heap   total 225280K, used 162809K [0x0000000600000000, 0x0000000800000000)
  region size 4096K, 12 young (49152K), 2 survivors (8192K)
 Metaspace       used 119513K, committed 120320K, reserved 1155072K
  class space    used 15220K, committed 15616K, reserved 1048576K
}
Event: 135.884 GC heap after
{Heap after GC invocations=47 (full 0):
 garbage-first heap   total 225280K, used 117940K [0x0000000600000000, 0x0000000800000000)
  region size 4096K, 1 young (4096K), 1 survivors (4096K)
 Metaspace       used 119513K, committed 120320K, reserved 1155072K
  class space    used 15220K, committed 15616K, reserved 1048576K
}
Event: 136.001 GC heap before
{Heap before GC invocations=47 (full 0):
 garbage-first heap   total 225280K, used 122036K [0x0000000600000000, 0x0000000800000000)
  region size 4096K, 2 young (8192K), 1 survivors (4096K)
 Metaspace       used 119973K, committed 120768K, reserved 1155072K
  class space    used 15289K, committed 15680K, reserved 1048576K
}
Event: 136.010 GC heap after
{Heap after GC invocations=48 (full 0):
 garbage-first heap   total 225280K, used 105272K [0x0000000600000000, 0x0000000800000000)
  region size 4096K, 1 young (4096K), 1 survivors (4096K)
 Metaspace       used 119973K, committed 120768K, reserved 1155072K
  class space    used 15289K, committed 15680K, reserved 1048576K
}
Event: 137.766 GC heap before
{Heap before GC invocations=48 (full 0):
 garbage-first heap   total 225280K, used 174904K [0x0000000600000000, 0x0000000800000000)
  region size 4096K, 18 young (73728K), 1 survivors (4096K)
 Metaspace       used 123598K, committed 124416K, reserved 1163264K
  class space    used 15914K, committed 16320K, reserved 1048576K
}
Event: 137.774 GC heap after
{Heap after GC invocations=49 (full 0):
 garbage-first heap   total 225280K, used 111926K [0x0000000600000000, 0x0000000800000000)
  region size 4096K, 2 young (8192K), 2 survivors (8192K)
 Metaspace       used 123598K, committed 124416K, reserved 1163264K
  class space    used 15914K, committed 16320K, reserved 1048576K
}
Event: 140.063 GC heap before
{Heap before GC invocations=50 (full 0):
 garbage-first heap   total 225280K, used 181558K [0x0000000600000000, 0x0000000800000000)
  region size 4096K, 18 young (73728K), 2 survivors (8192K)
 Metaspace       used 128823K, committed 129664K, reserved 1163264K
  class space    used 16656K, committed 17024K, reserved 1048576K
}
Event: 140.077 GC heap after
{Heap after GC invocations=51 (full 0):
 garbage-first heap   total 225280K, used 122583K [0x0000000600000000, 0x0000000800000000)
  region size 4096K, 2 young (8192K), 2 survivors (8192K)
 Metaspace       used 128823K, committed 129664K, reserved 1163264K
  class space    used 16656K, committed 17024K, reserved 1048576K
}
Event: 140.171 GC heap before
{Heap before GC invocations=51 (full 0):
 garbage-first heap   total 225280K, used 122583K [0x0000000600000000, 0x0000000800000000)
  region size 4096K, 3 young (12288K), 2 survivors (8192K)
 Metaspace       used 129045K, committed 129920K, reserved 1163264K
  class space    used 16688K, committed 17088K, reserved 1048576K
}
Event: 140.178 GC heap after
{Heap after GC invocations=52 (full 0):
 garbage-first heap   total 225280K, used 120770K [0x0000000600000000, 0x0000000800000000)
  region size 4096K, 1 young (4096K), 1 survivors (4096K)
 Metaspace       used 129045K, committed 129920K, reserved 1163264K
  class space    used 16688K, committed 17088K, reserved 1048576K
}

Deoptimization events (20 events):
Event: 138.982 Thread 0x00000207c4c5f090 DEOPT PACKING pc=0x000002079c6fde1c sp=0x000000f5134f0f10
Event: 138.982 Thread 0x00000207c4c5f090 DEOPT UNPACKING pc=0x000002078c4723a3 sp=0x000000f5134f0ea8 mode 2
Event: 139.259 Thread 0x00000207c4c5f090 Uncommon trap: trap_request=0xfffffff4 fr.pc=0x000002079cdd5a0c relative=0x000000000000072c
Event: 139.259 Thread 0x00000207c4c5f090 Uncommon trap: reason=null_check action=make_not_entrant pc=0x000002079cdd5a0c method=org.gradle.util.internal.SimpleMapInterner.intern(Ljava/lang/Object;)Ljava/lang/Object; @ 2 c2
Event: 139.259 Thread 0x00000207c4c5f090 DEOPT PACKING pc=0x000002079cdd5a0c sp=0x000000f5134f2480
Event: 139.259 Thread 0x00000207c4c5f090 DEOPT UNPACKING pc=0x000002078c4723a3 sp=0x000000f5134f2448 mode 2
Event: 139.259 Thread 0x00000207c4c5f090 Uncommon trap: trap_request=0xffffff45 fr.pc=0x000002079cdd7d98 relative=0x0000000000000738
Event: 139.259 Thread 0x00000207c4c5f090 Uncommon trap: reason=unstable_if action=reinterpret pc=0x000002079cdd7d98 method=org.gradle.util.internal.SimpleMapInterner.intern(Ljava/lang/String;)Ljava/lang/String; @ 1 c2
Event: 139.259 Thread 0x00000207c4c5f090 DEOPT PACKING pc=0x000002079cdd7d98 sp=0x000000f5134f2410
Event: 139.259 Thread 0x00000207c4c5f090 DEOPT UNPACKING pc=0x000002078c4723a3 sp=0x000000f5134f23d8 mode 2
Event: 139.765 Thread 0x00000207c4c5f090 Uncommon trap: trap_request=0xffffff45 fr.pc=0x000002079ce772c4 relative=0x0000000000000124
Event: 139.765 Thread 0x00000207c4c5f090 Uncommon trap: reason=unstable_if action=reinterpret pc=0x000002079ce772c4 method=kotlin.reflect.jvm.internal.impl.protobuf.CodedInputStream.readRawVarint32()I @ 69 c2
Event: 139.765 Thread 0x00000207c4c5f090 DEOPT PACKING pc=0x000002079ce772c4 sp=0x000000f5134effc0
Event: 139.765 Thread 0x00000207c4c5f090 DEOPT UNPACKING pc=0x000002078c4723a3 sp=0x000000f5134eff48 mode 2
Event: 140.340 Thread 0x00000207c4c5f090 Uncommon trap: trap_request=0xffffff45 fr.pc=0x000002079c8d8ac8 relative=0x0000000000001128
Event: 140.340 Thread 0x00000207c4c5f090 Uncommon trap: reason=unstable_if action=reinterpret pc=0x000002079c8d8ac8 method=java.util.regex.Pattern.escape(ZZZ)I @ 8 c2
Event: 140.340 Thread 0x00000207c4c5f090 DEOPT PACKING pc=0x000002079c8d8ac8 sp=0x000000f5134f0ea0
Event: 140.340 Thread 0x00000207c4c5f090 DEOPT UNPACKING pc=0x000002078c4723a3 sp=0x000000f5134f0e40 mode 2
Event: 140.557 Thread 0x00000207c4c5f090 DEOPT PACKING pc=0x000002078e130414 sp=0x000000f5134f06b0
Event: 140.557 Thread 0x00000207c4c5f090 DEOPT UNPACKING pc=0x000002078c472b43 sp=0x000000f5134efc50 mode 0

Classes unloaded (20 events):
Event: 92.953 Thread 0x00000207c27e9200 Unloading class 0x00000008012257d0 '_BuildScript_$_run_closure1$_closure2$_closure3'
Event: 92.953 Thread 0x00000207c27e9200 Unloading class 0x00000008012253e8 '_BuildScript_$_run_closure1$_closure2'
Event: 92.953 Thread 0x00000207c27e9200 Unloading class 0x0000000801225000 '_BuildScript_$_run_closure1'
Event: 92.953 Thread 0x00000207c27e9200 Unloading class 0x0000000801224800 '_BuildScript_'
Event: 92.953 Thread 0x00000207c27e9200 Unloading class 0x000000080121e7d0 '_BuildScript_$_run_closure1$_closure2$_closure3$_closure4'
Event: 92.953 Thread 0x00000207c27e9200 Unloading class 0x000000080121e3e8 '_BuildScript_$_run_closure1$_closure2$_closure3'
Event: 92.953 Thread 0x00000207c27e9200 Unloading class 0x000000080121e000 '_BuildScript_$_run_closure1$_closure2'
Event: 92.953 Thread 0x00000207c27e9200 Unloading class 0x000000080121d400 '_BuildScript_$_run_closure1'
Event: 92.953 Thread 0x00000207c27e9200 Unloading class 0x000000080121d800 '_BuildScript_'
Event: 92.953 Thread 0x00000207c27e9200 Unloading class 0x000000080121a000 '_BuildScript_$_run_closure1$_closure2'
Event: 92.953 Thread 0x00000207c27e9200 Unloading class 0x0000000801219918 '_BuildScript_$_run_closure1'
Event: 92.953 Thread 0x00000207c27e9200 Unloading class 0x00000008012193e8 '_BuildScript_'
Event: 92.953 Thread 0x00000207c27e9200 Unloading class 0x0000000801219000 'ProtobufPatchPlugin$_apply_closure1$_closure2$_closure3$_closure4'
Event: 92.953 Thread 0x00000207c27e9200 Unloading class 0x0000000801218a98 'ProtobufPatchPlugin$_apply_closure1$_closure2$_closure3'
Event: 92.953 Thread 0x00000207c27e9200 Unloading class 0x00000008012186b0 'ProtobufPatchPlugin$_apply_closure1$_closure2'
Event: 92.953 Thread 0x00000207c27e9200 Unloading class 0x00000008012182c8 'ProtobufPatchPlugin$_apply_closure1'
Event: 92.953 Thread 0x00000207c27e9200 Unloading class 0x0000000801218000 'ProtobufPatchPlugin'
Event: 92.953 Thread 0x00000207c27e9200 Unloading class 0x000000080114c3e8 '_BuildScript_$_run_closure1$_closure2'
Event: 92.953 Thread 0x00000207c27e9200 Unloading class 0x000000080114c000 '_BuildScript_$_run_closure1'
Event: 92.953 Thread 0x00000207c27e9200 Unloading class 0x0000000801144000 '_BuildScript_'

Classes redefined (0 events):
No events

Internal exceptions (20 events):
Event: 136.720 Thread 0x00000207c4c5f090 Exception <a 'java/lang/NoSuchMethodError'{0x000000060ba3b128}: 'java.lang.Object java.lang.invoke.DirectMethodHandle$Holder.invokeSpecialIFC(java.lang.Object, java.lang.Object, java.lang.Object)'> (0x000000060ba3b128) 
thrown [c:\sb\prod\1715191057\workspace\open\src\hotspot\share\interpreter\linkResolver.cpp, line 766]
Event: 136.819 Thread 0x00000207c4b9cc40 Implicit null exception at 0x000002079c6fcbdd to 0x000002079c6fcc84
Event: 138.080 Thread 0x00000207c4c5f090 Exception <a 'java/lang/NoSuchMethodError'{0x000000060d118620}: 'int java.lang.invoke.DirectMethodHandle$Holder.invokeStatic(java.lang.Object, java.lang.Object, int)'> (0x000000060d118620) 
thrown [c:\sb\prod\1715191057\workspace\open\src\hotspot\share\interpreter\linkResolver.cpp, line 766]
Event: 138.717 Thread 0x00000207c4c5f090 Exception <a 'java/lang/NoSuchMethodError'{0x000000060c310050}: static Lorg/jetbrains/kotlin/gradle/plugin/internal/DefaultConfigurationTimePropertiesAccessorVariantFactory;.<clinit>()V> (0x000000060c310050) 
thrown [c:\sb\prod\1715191057\workspace\open\src\hotspot\share\prims\jni.cpp, line 1107]
Event: 138.720 Thread 0x00000207c4c5f090 Exception <a 'java/lang/NoSuchMethodError'{0x000000060c336538}: static Lorg/jetbrains/kotlin/gradle/plugin/internal/DefaultProjectIsolationStartParameterAccessor$Factory;.<clinit>()V> (0x000000060c336538) 
thrown [c:\sb\prod\1715191057\workspace\open\src\hotspot\share\prims\jni.cpp, line 1107]
Event: 138.723 Thread 0x00000207c4c5f090 Exception <a 'java/lang/NoSuchMethodError'{0x000000060c35d9f8}: static Lorg/jetbrains/kotlin/gradle/plugin/internal/DefaultSourceSetCompatibilityHelperVariantFactory;.<clinit>()V> (0x000000060c35d9f8) 
thrown [c:\sb\prod\1715191057\workspace\open\src\hotspot\share\prims\jni.cpp, line 1107]
Event: 138.728 Thread 0x00000207c4c5f090 Exception <a 'java/lang/NoSuchMethodError'{0x000000060c390268}: static Lorg/jetbrains/kotlin/gradle/plugin/internal/DefaultArtifactTypeAttributeAccessorVariantFactory;.<clinit>()V> (0x000000060c390268) 
thrown [c:\sb\prod\1715191057\workspace\open\src\hotspot\share\prims\jni.cpp, line 1107]
Event: 138.732 Thread 0x00000207c4c5f090 Exception <a 'java/lang/NoSuchMethodError'{0x000000060c3c2dc0}: static Lorg/jetbrains/kotlin/gradle/plugin/internal/DefaultCompatibilityConventionRegistrar$Factory;.<clinit>()V> (0x000000060c3c2dc0) 
thrown [c:\sb\prod\1715191057\workspace\open\src\hotspot\share\prims\jni.cpp, line 1107]
Event: 138.734 Thread 0x00000207c4c5f090 Exception <a 'java/lang/NoSuchMethodError'{0x000000060c3ea028}: static Lorg/jetbrains/kotlin/gradle/plugin/internal/DefaultJavaSourceSetsAccessorVariantFactory;.<clinit>()V> (0x000000060c3ea028) 
thrown [c:\sb\prod\1715191057\workspace\open\src\hotspot\share\prims\jni.cpp, line 1107]
Event: 138.736 Thread 0x00000207c4c5f090 Exception <a 'java/lang/NoSuchMethodError'{0x000000060bc10b50}: static Lorg/jetbrains/kotlin/gradle/plugin/internal/DefaultIdeaSyncDetectorVariantFactory;.<clinit>()V> (0x000000060bc10b50) 
thrown [c:\sb\prod\1715191057\workspace\open\src\hotspot\share\prims\jni.cpp, line 1107]
Event: 138.738 Thread 0x00000207c4c5f090 Exception <a 'java/lang/NoSuchMethodError'{0x000000060bc3b8d8}: static Lorg/jetbrains/kotlin/gradle/plugin/internal/DefaultKotlinTestReportCompatibilityHelperVariantFactory;.<clinit>()V> (0x000000060bc3b8d8) 
thrown [c:\sb\prod\1715191057\workspace\open\src\hotspot\share\prims\jni.cpp, line 1107]
Event: 138.740 Thread 0x00000207c4c5f090 Exception <a 'java/lang/NoSuchMethodError'{0x000000060bc62e20}: static Lorg/jetbrains/kotlin/gradle/plugin/internal/DefaultMppTestReportHelperVariantFactory;.<clinit>()V> (0x000000060bc62e20) 
thrown [c:\sb\prod\1715191057\workspace\open\src\hotspot\share\prims\jni.cpp, line 1107]
Event: 138.743 Thread 0x00000207c4c5f090 Exception <a 'java/lang/NoSuchMethodError'{0x000000060bc89360}: static Lorg/jetbrains/kotlin/gradle/plugin/internal/DefaultConfigurationCacheStartParameterAccessorVariantFactory;.<clinit>()V> (0x000000060bc89360) 
thrown [c:\sb\prod\1715191057\workspace\open\src\hotspot\share\prims\jni.cpp, line 1107]
Event: 138.745 Thread 0x00000207c4c5f090 Exception <a 'java/lang/NoSuchMethodError'{0x000000060bcb0db0}: static Lorg/jetbrains/kotlin/gradle/plugin/internal/MavenPluginConfigurator$DefaultMavenPluginConfiguratorVariantFactory;.<clinit>()V> (0x000000060bcb0db0) 
thrown [c:\sb\prod\1715191057\workspace\open\src\hotspot\share\prims\jni.cpp, line 1107]
Event: 138.748 Thread 0x00000207c4c5f090 Exception <a 'java/lang/NoSuchMethodError'{0x000000060bcd7478}: static Lorg/jetbrains/kotlin/gradle/targets/js/nodejs/DefaultUnameExecutorVariantFactory;.<clinit>()V> (0x000000060bcd7478) 
thrown [c:\sb\prod\1715191057\workspace\open\src\hotspot\share\prims\jni.cpp, line 1107]
Event: 138.750 Thread 0x00000207c4c5f090 Exception <a 'java/lang/NoSuchMethodError'{0x000000060bcfe558}: static Lorg/jetbrains/kotlin/gradle/plugin/internal/DefaultBasePluginConfigurationVariantFactory;.<clinit>()V> (0x000000060bcfe558) 
thrown [c:\sb\prod\1715191057\workspace\open\src\hotspot\share\prims\jni.cpp, line 1107]
Event: 138.752 Thread 0x00000207c4c5f090 Exception <a 'java/lang/NoSuchMethodError'{0x000000060bd25c78}: static Lorg/jetbrains/kotlin/gradle/plugin/internal/DefaultAttributeConfigurationHelperVariantFactory;.<clinit>()V> (0x000000060bd25c78) 
thrown [c:\sb\prod\1715191057\workspace\open\src\hotspot\share\prims\jni.cpp, line 1107]
Event: 138.900 Thread 0x00000207c4c5f090 Exception <a 'java/lang/IncompatibleClassChangeError'{0x000000060b8d79b8}: Found class java.lang.Object, but interface was expected> (0x000000060b8d79b8) 
thrown [c:\sb\prod\1715191057\workspace\open\src\hotspot\share\interpreter\linkResolver.cpp, line 833]
Event: 139.259 Thread 0x00000207c4c5f090 Implicit null exception at 0x000002079cdd5312 to 0x000002079cdd59fc
Event: 139.259 Thread 0x00000207c4c5f090 Implicit null exception at 0x000002079cdd7694 to 0x000002079cdd7d80

VM Operations (20 events):
Event: 137.386 Executing VM operation: HandshakeAllThreads
Event: 137.386 Executing VM operation: HandshakeAllThreads done
Event: 137.766 Executing VM operation: G1CollectForAllocation
Event: 137.774 Executing VM operation: G1CollectForAllocation done
Event: 137.856 Executing VM operation: G1Concurrent
Event: 137.867 Executing VM operation: G1Concurrent done
Event: 137.895 Executing VM operation: G1Concurrent
Event: 137.896 Executing VM operation: G1Concurrent done
Event: 138.571 Executing VM operation: HandshakeAllThreads
Event: 138.571 Executing VM operation: HandshakeAllThreads done
Event: 139.148 Executing VM operation: HandshakeAllThreads
Event: 139.148 Executing VM operation: HandshakeAllThreads done
Event: 139.148 Executing VM operation: Cleanup
Event: 139.148 Executing VM operation: Cleanup done
Event: 139.165 Executing VM operation: HandshakeAllThreads
Event: 139.165 Executing VM operation: HandshakeAllThreads done
Event: 140.062 Executing VM operation: G1CollectForAllocation
Event: 140.077 Executing VM operation: G1CollectForAllocation done
Event: 140.171 Executing VM operation: G1CollectForAllocation
Event: 140.178 Executing VM operation: G1CollectForAllocation done

Events (20 events):
Event: 139.017 loading class javax/management/NotificationFilter done
Event: 139.017 loading class javax/management/ListenerNotFoundException
Event: 139.017 loading class javax/management/OperationsException
Event: 139.017 loading class javax/management/JMException
Event: 139.017 loading class javax/management/JMException done
Event: 139.017 loading class javax/management/OperationsException done
Event: 139.017 loading class javax/management/ListenerNotFoundException done
Event: 139.017 loading class jdk/jfr/Recording
Event: 139.018 loading class jdk/jfr/Recording done
Event: 139.018 loading class jdk/jfr/FlightRecorder
Event: 139.019 loading class jdk/jfr/FlightRecorder done
Event: 139.019 loading class jdk/management/jfr/FlightRecorderMXBeanImpl$MXBeanListener
Event: 139.019 loading class jdk/jfr/FlightRecorderListener
Event: 139.019 loading class jdk/jfr/FlightRecorderListener done
Event: 139.019 loading class jdk/management/jfr/FlightRecorderMXBeanImpl$MXBeanListener done
Event: 139.064 loading class com/sun/jmx/mbeanserver/StandardMBeanSupport
Event: 139.065 loading class com/sun/jmx/mbeanserver/StandardMBeanSupport done
Event: 139.065 loading class com/sun/jmx/mbeanserver/StandardMBeanIntrospector
Event: 139.066 loading class com/sun/jmx/mbeanserver/StandardMBeanIntrospector done
Event: 139.156 Thread 0x00000207c8fbc0d0 Thread added: 0x00000207c8fbc0d0


Dynamic libraries:
0x00007ff6cfde0000 - 0x00007ff6cfdee000 	C:\Program Files\Java\jdk-17\bin\java.exe
0x00007ff81e620000 - 0x00007ff81e887000 	C:\WINDOWS\SYSTEM32\ntdll.dll
0x00007ff81c9a0000 - 0x00007ff81ca69000 	C:\WINDOWS\System32\KERNEL32.DLL
0x00007ff81bfc0000 - 0x00007ff81c3b1000 	C:\WINDOWS\System32\KERNELBASE.dll
0x00007ff815300000 - 0x00007ff81539f000 	C:\WINDOWS\SYSTEM32\apphelp.dll
0x00007ff81b3e0000 - 0x00007ff81b52b000 	C:\WINDOWS\System32\ucrtbase.dll
0x00007fffffea0000 - 0x00007fffffeba000 	C:\Program Files\Java\jdk-17\bin\VCRUNTIME140.dll
0x00007ff800de0000 - 0x00007ff800df8000 	C:\Program Files\Java\jdk-17\bin\jli.dll
0x00007ff81db10000 - 0x00007ff81dcd5000 	C:\WINDOWS\System32\USER32.dll
0x00007ff81af00000 - 0x00007ff81af27000 	C:\WINDOWS\System32\win32u.dll
0x00007ff81d330000 - 0x00007ff81d35b000 	C:\WINDOWS\System32\GDI32.dll
0x00007ff81af30000 - 0x00007ff81b05b000 	C:\WINDOWS\System32\gdi32full.dll
0x00007ff81bf10000 - 0x00007ff81bfb3000 	C:\WINDOWS\System32\msvcp_win.dll
0x00007ffffc880000 - 0x00007ffffcb13000 	C:\WINDOWS\WinSxS\amd64_microsoft.windows.common-controls_6595b64144ccf1df_6.0.26100.8037_none_3e092faae333b53b\COMCTL32.dll
0x00007ff81da60000 - 0x00007ff81db09000 	C:\WINDOWS\System32\msvcrt.dll
0x00007ff81c3d0000 - 0x00007ff81c401000 	C:\WINDOWS\System32\IMM32.DLL
0x00007ff8150a0000 - 0x00007ff8150ac000 	C:\Program Files\Java\jdk-17\bin\vcruntime140_1.dll
0x00007fffc40a0000 - 0x00007fffc412d000 	C:\Program Files\Java\jdk-17\bin\msvcp140.dll
0x00007fff86770000 - 0x00007fff87330000 	C:\Program Files\Java\jdk-17\bin\server\jvm.dll
0x00007ff81dce0000 - 0x00007ff81dd9b000 	C:\WINDOWS\System32\ADVAPI32.dll
0x00007ff81d4a0000 - 0x00007ff81d547000 	C:\WINDOWS\System32\sechost.dll
0x00007ff81d680000 - 0x00007ff81d798000 	C:\WINDOWS\System32\RPCRT4.dll
0x00007ff81c570000 - 0x00007ff81c578000 	C:\WINDOWS\System32\PSAPI.DLL
0x00007ff80dc80000 - 0x00007ff80dc8a000 	C:\WINDOWS\SYSTEM32\WSOCK32.dll
0x00007ff81e450000 - 0x00007ff81e4c4000 	C:\WINDOWS\System32\WS2_32.dll
0x00007ff80e050000 - 0x00007ff80e085000 	C:\WINDOWS\SYSTEM32\WINMM.dll
0x00007ff819070000 - 0x00007ff81907b000 	C:\WINDOWS\SYSTEM32\VERSION.dll
0x00007ff819c50000 - 0x00007ff819c6b000 	C:\WINDOWS\SYSTEM32\kernel.appcore.dll
0x00007fffff860000 - 0x00007fffff86a000 	C:\Program Files\Java\jdk-17\bin\jimage.dll
0x00007ff818260000 - 0x00007ff8184a2000 	C:\WINDOWS\SYSTEM32\DBGHELP.DLL
0x00007ff81c580000 - 0x00007ff81c902000 	C:\WINDOWS\System32\combase.dll
0x00007ff81d7a0000 - 0x00007ff81d877000 	C:\WINDOWS\System32\OLEAUT32.dll
0x00007ffff5b70000 - 0x00007ffff5bab000 	C:\WINDOWS\SYSTEM32\dbgcore.DLL
0x00007ff81b330000 - 0x00007ff81b3d5000 	C:\WINDOWS\System32\bcryptPrimitives.dll
0x00007fffff350000 - 0x00007fffff35e000 	C:\Program Files\Java\jdk-17\bin\instrument.dll
0x00007ffff3bf0000 - 0x00007ffff3c15000 	C:\Program Files\Java\jdk-17\bin\java.dll
0x00007fffb40d0000 - 0x00007fffb41a6000 	C:\Program Files\Java\jdk-17\bin\svml.dll
0x00007ff81cbc0000 - 0x00007ff81d31f000 	C:\WINDOWS\System32\SHELL32.dll
0x00007ff81bda0000 - 0x00007ff81bf0a000 	C:\WINDOWS\System32\wintypes.dll
0x00007ff81b530000 - 0x00007ff81bd94000 	C:\WINDOWS\System32\windows.storage.dll
0x00007ff81d580000 - 0x00007ff81d677000 	C:\WINDOWS\System32\SHCORE.dll
0x00007ff81e570000 - 0x00007ff81e5d7000 	C:\WINDOWS\System32\shlwapi.dll
0x00007ff81ae20000 - 0x00007ff81ae49000 	C:\WINDOWS\SYSTEM32\profapi.dll
0x00007fffff330000 - 0x00007fffff348000 	C:\Program Files\Java\jdk-17\bin\zip.dll
0x00007ffff4990000 - 0x00007ffff49a9000 	C:\Program Files\Java\jdk-17\bin\net.dll
0x00007ff8111c0000 - 0x00007ff8112e7000 	C:\WINDOWS\SYSTEM32\WINHTTP.dll
0x00007ff81a1a0000 - 0x00007ff81a20b000 	C:\WINDOWS\system32\mswsock.dll
0x00007ffff2590000 - 0x00007ffff25a5000 	C:\Program Files\Java\jdk-17\bin\nio.dll
0x00007ffffd060000 - 0x00007ffffd070000 	C:\Program Files\Java\jdk-17\bin\verify.dll
0x00007fffad9c0000 - 0x00007fffad9e7000 	C:\Users\user\.gradle\native\1def1411415f61bf3af743bc5b6707747c0891f09f0c88961ee8f79bc544acac\windows-amd64\native-platform.dll
0x00007fffff7b0000 - 0x00007fffff828000 	C:\Users\user\.gradle\native\0.2.7\x86_64-windows-gnu\gradle-fileevents.dll
0x00007ffff3be0000 - 0x00007ffff3be9000 	C:\Program Files\Java\jdk-17\bin\management.dll
0x00007ffff2580000 - 0x00007ffff258b000 	C:\Program Files\Java\jdk-17\bin\management_ext.dll
0x00007ff819640000 - 0x00007ff819673000 	C:\WINDOWS\SYSTEM32\IPHLPAPI.DLL
0x00007ff81e560000 - 0x00007ff81e56a000 	C:\WINDOWS\System32\NSI.dll
0x00007ff8126c0000 - 0x00007ff8126dd000 	C:\WINDOWS\SYSTEM32\dhcpcsvc6.DLL
0x00007ff812690000 - 0x00007ff8126b3000 	C:\WINDOWS\SYSTEM32\dhcpcsvc.DLL
0x00007ff8196d0000 - 0x00007ff8197fa000 	C:\WINDOWS\SYSTEM32\DNSAPI.dll
0x00007ff81a5a0000 - 0x00007ff81a5bb000 	C:\WINDOWS\SYSTEM32\CRYPTSP.dll
0x00007ff819bb0000 - 0x00007ff819be9000 	C:\WINDOWS\system32\rsaenh.dll
0x00007ff81a250000 - 0x00007ff81a282000 	C:\WINDOWS\SYSTEM32\USERENV.dll
0x00007ff81adf0000 - 0x00007ff81ae1a000 	C:\WINDOWS\SYSTEM32\bcrypt.dll
0x00007ff81a400000 - 0x00007ff81a40c000 	C:\WINDOWS\SYSTEM32\CRYPTBASE.dll
0x00007ffff2570000 - 0x00007ffff257e000 	C:\Program Files\Java\jdk-17\bin\sunmscapi.dll
0x00007ff81b1b0000 - 0x00007ff81b327000 	C:\WINDOWS\System32\CRYPT32.dll
0x00007ff81a700000 - 0x00007ff81a730000 	C:\WINDOWS\SYSTEM32\ncrypt.dll
0x00007ff81a6b0000 - 0x00007ff81a6ef000 	C:\WINDOWS\SYSTEM32\NTASN1.dll
0x00007fffe9430000 - 0x00007fffe9438000 	C:\WINDOWS\system32\wshunix.dll
0x00007ff819d70000 - 0x00007ff819da6000 	C:\WINDOWS\SYSTEM32\ntmarta.dll

dbghelp: loaded successfully - version: 4.0.5 - missing functions: none
symbol engine: initialized successfully - sym options: 0x614 - pdb path: .;C:\Program Files\Java\jdk-17\bin;C:\WINDOWS\SYSTEM32;C:\WINDOWS\WinSxS\amd64_microsoft.windows.common-controls_6595b64144ccf1df_6.0.26100.8037_none_3e092faae333b53b;C:\Program Files\Java\jdk-17\bin\server;C:\Users\user\.gradle\native\1def1411415f61bf3af743bc5b6707747c0891f09f0c88961ee8f79bc544acac\windows-amd64;C:\Users\user\.gradle\native\0.2.7\x86_64-windows-gnu

VM Arguments:
jvm_args: --add-opens=java.base/java.lang=ALL-UNNAMED --add-opens=java.base/java.lang.invoke=ALL-UNNAMED --add-opens=java.base/java.util=ALL-UNNAMED --add-opens=java.prefs/java.util.prefs=ALL-UNNAMED --add-exports=jdk.compiler/com.sun.tools.javac.api=ALL-UNNAMED --add-exports=jdk.compiler/com.sun.tools.javac.util=ALL-UNNAMED --add-opens=java.base/java.util=ALL-UNNAMED --add-opens=java.prefs/java.util.prefs=ALL-UNNAMED --add-opens=java.base/java.nio.charset=ALL-UNNAMED --add-opens=java.base/java.net=ALL-UNNAMED --add-opens=java.base/java.util.concurrent.atomic=ALL-UNNAMED --add-opens=java.xml/javax.xml.namespace=ALL-UNNAMED -XX:MaxMetaspaceSize=4G -XX:ReservedCodeCacheSize=512m -XX:+HeapDumpOnOutOfMemoryError -Xmx8G -Dfile.encoding=UTF-8 -Duser.country=IN -Duser.language=en -Duser.variant -javaagent:C:\Users\user\.gradle\wrapper\dists\gradle-8.14-all\c2qonpi39x1mddn7hk5gh9iqj\gradle-8.14\lib\agents\gradle-instrumentation-agent-8.14.jar 
java_command: org.gradle.launcher.daemon.bootstrap.GradleDaemon 8.14
java_class_path (initial): C:\Users\user\.gradle\wrapper\dists\gradle-8.14-all\c2qonpi39x1mddn7hk5gh9iqj\gradle-8.14\lib\gradle-daemon-main-8.14.jar
Launcher Type: SUN_STANDARD

[Global flags]
     intx CICompilerCount                          = 4                                         {product} {ergonomic}
     uint ConcGCThreads                            = 3                                         {product} {ergonomic}
     uint G1ConcRefinementThreads                  = 10                                        {product} {ergonomic}
   size_t G1HeapRegionSize                         = 4194304                                   {product} {ergonomic}
    uintx GCDrainStackTargetSize                   = 64                                        {product} {ergonomic}
     bool HeapDumpOnOutOfMemoryError               = true                                   {manageable} {command line}
   size_t InitialHeapSize                          = 130023424                                 {product} {ergonomic}
   size_t MarkStackSize                            = 4194304                                   {product} {ergonomic}
   size_t MaxHeapSize                              = 8589934592                                {product} {command line}
   size_t MaxMetaspaceSize                         = 4294967296                                {product} {command line}
   size_t MaxNewSize                               = 5150605312                                {product} {ergonomic}
   size_t MinHeapDeltaBytes                        = 4194304                                   {product} {ergonomic}
   size_t MinHeapSize                              = 8388608                                   {product} {ergonomic}
    uintx NonNMethodCodeHeapSize                   = 5839372                                {pd product} {ergonomic}
    uintx NonProfiledCodeHeapSize                  = 265515770                              {pd product} {ergonomic}
    uintx ProfiledCodeHeapSize                     = 265515770                              {pd product} {ergonomic}
    uintx ReservedCodeCacheSize                    = 536870912                              {pd product} {command line}
     bool SegmentedCodeCache                       = true                                      {product} {ergonomic}
   size_t SoftMaxHeapSize                          = 8589934592                             {manageable} {ergonomic}
   double SweeperThreshold                         = 0.234375                                  {product} {ergonomic}
     bool UseCompressedClassPointers               = true                           {product lp64_product} {ergonomic}
     bool UseCompressedOops                        = true                           {product lp64_product} {ergonomic}
     bool UseG1GC                                  = true                                      {product} {ergonomic}
     bool UseLargePagesIndividualAllocation        = false                                  {pd product} {ergonomic}

Logging:
Log output configuration:
 #0: stdout all=warning uptime,level,tags
 #1: stderr all=off uptime,level,tags

Environment Variables:
JAVA_HOME=C:\Program Files\Java\jdk-17
PATH=C:\Users\user\AppData\Local\Programs\Microsoft VS Code;C:\Python314\Scripts\;C:\Python314\;C:\Program Files (x86)\Common Files\Oracle\Java\java8path;C:\Program Files (x86)\Common Files\Oracle\Java\javapath;C:\WINDOWS\system32;C:\WINDOWS;C:\WINDOWS\System32\Wbem;C:\WINDOWS\System32\WindowsPowerShell\v1.0\;C:\WINDOWS\System32\OpenSSH\;C:\Program Files\Git\cmd;C:\ProgramData\chocolatey\bin;C:\Program Files\nodejs\;C:\Program Files\MySQL\MySQL Server 8.0\bin;C:\Program Files\MySQL\MySQL Shell 8.0\bin\;C:\Users\user\AppData\Local\Microsoft\WindowsApps;C:\Users\user\AppData\Local\Programs\Microsoft VS Code\bin;C:\Users\user\AppData\Local\GitHubDesktop\bin;C:\Program Files\Java\jdk-17\bin;C:\src\flutter\bin;C:\Users\user\AppData\Local\Android\Sdk\cmdline-tools\latest\bin;C:\Users\user\AppData\Local\Android\Sdk\platform-tools;C:\Users\user\AppData\Local\Pub\Cache\bin;C:\Users\user\.shorebird\bin;C:\firebase-tools;D:\flutter_pub_cache\bin;C:\Users\user\AppData\Roaming\npm
USERNAME=user
OS=Windows_NT
PROCESSOR_IDENTIFIER=Intel64 Family 6 Model 186 Stepping 2, GenuineIntel



---------------  S Y S T E M  ---------------

OS:
 Windows 10 , 64 bit Build 26100 (10.0.26100.7920)
OS uptime: 31 days 21:28 hours
Hyper-V role detected

CPU: total 12 (initial active 12) (6 cores per cpu, 2 threads per core) family 6 model 186 stepping 2 microcode 0x4128, cx8, cmov, fxsr, ht, mmx, 3dnowpref, sse, sse2, sse3, ssse3, sse4.1, sse4.2, popcnt, lzcnt, tsc, tscinvbit, avx, avx2, aes, erms, clmul, bmi1, bmi2, adx, sha, fma, vzeroupper, clflush, clflushopt, clwb, hv

Memory: 4k page, system-wide physical 7915M (295M free)
TotalPageFile size 32491M (AvailPageFile size 5M)
current process WorkingSet (physical memory assigned to process): 440M, peak: 445M
current process commit charge ("private bytes"): 596M, peak: 598M

vm_info: OpenJDK 64-Bit Server VM (17.0.0.1+2-3) for windows-amd64 JRE (17.0.0.1+2-3), built on May  8 2024 19:05:00 by "mach5one" with MS VC++ 16.8 (VS2019)

END.
