#
# There is insufficient memory for the Java Runtime Environment to continue.
# Native memory allocation (malloc) failed to allocate 1654736 bytes for Chunk::new
# Possible reasons:
#   The system is out of physical RAM or swap space
#   The process is running with CompressedOops enabled, and the Java Heap may be blocking the growth of the native heap
# Possible solutions:
#   Reduce memory load on the system
#   Increase physical memory or swap space
#   Check if swap backing store is full
#   Decrease Java heap size (-Xmx/-Xms)
#   Decrease number of Java threads
#   Decrease Java thread stack sizes (-Xss)
#   Set larger code cache with -XX:ReservedCodeCacheSize=
#   JVM is running with Zero Based Compressed Oops mode in which the Java heap is
#     placed in the first 32GB address space. The Java Heap base address is the
#     maximum limit for the native heap growth. Please use -XX:HeapBaseMinAddress
#     to set the Java Heap base and to place the Java Heap above 32GB virtual address.
# This output file may be truncated or incomplete.
#
#  Out of Memory Error (arena.cpp:189), pid=16348, tid=23484
#
# JRE version: OpenJDK Runtime Environment (17.0.0.1+2) (build 17.0.0.1+2-3)
# Java VM: OpenJDK 64-Bit Server VM (17.0.0.1+2-3, mixed mode, sharing, tiered, compressed oops, compressed class ptrs, g1 gc, windows-amd64)
# No core dump will be written. Minidumps are not enabled by default on client versions of Windows
#

---------------  S U M M A R Y ------------

Command Line: --add-opens=java.base/java.lang=ALL-UNNAMED --add-opens=java.base/java.lang.invoke=ALL-UNNAMED --add-opens=java.base/java.util=ALL-UNNAMED --add-opens=java.prefs/java.util.prefs=ALL-UNNAMED --add-exports=jdk.compiler/com.sun.tools.javac.api=ALL-UNNAMED --add-exports=jdk.compiler/com.sun.tools.javac.util=ALL-UNNAMED --add-opens=java.base/java.util=ALL-UNNAMED --add-opens=java.prefs/java.util.prefs=ALL-UNNAMED --add-opens=java.base/java.nio.charset=ALL-UNNAMED --add-opens=java.base/java.net=ALL-UNNAMED --add-opens=java.base/java.util.concurrent.atomic=ALL-UNNAMED --add-opens=java.xml/javax.xml.namespace=ALL-UNNAMED -XX:MaxMetaspaceSize=4G -XX:ReservedCodeCacheSize=512m -XX:+HeapDumpOnOutOfMemoryError -Xmx8G -Dfile.encoding=UTF-8 -Duser.country=IN -Duser.language=en -Duser.variant -javaagent:C:\Users\user\.gradle\wrapper\dists\gradle-8.14-all\c2qonpi39x1mddn7hk5gh9iqj\gradle-8.14\lib\agents\gradle-instrumentation-agent-8.14.jar org.gradle.launcher.daemon.bootstrap.GradleDaemon 8.14

Host: 13th Gen Intel(R) Core(TM) i5-13420H, 12 cores, 7G,  Windows 10 , 64 bit Build 26100 (10.0.26100.7920)
Time: Mon Apr 13 13:07:08 2026 India Standard Time elapsed time: 70.594832 seconds (0d 0h 1m 10s)

---------------  T H R E A D  ---------------

Current thread (0x000002abae410ad0):  JavaThread "C2 CompilerThread2" daemon [_thread_in_native, id=23484, stack(0x000000dd5b600000,0x000000dd5b700000)]


Current CompileTask:
C2:  70595 14012       4       java.lang.reflect.Executable::getAnnotation (23 bytes)

Stack: [0x000000dd5b600000,0x000000dd5b700000]
Native frames: (J=compiled Java code, j=interpreted, Vv=VM code, C=native code)
V  [jvm.dll+0x66f8ea]
V  [jvm.dll+0x7ce224]
V  [jvm.dll+0x7cf9ce]
V  [jvm.dll+0x7d0033]
V  [jvm.dll+0x242bb5]
V  [jvm.dll+0xaa05b]
V  [jvm.dll+0xaa5ec]
V  [jvm.dll+0x35f9a2]
V  [jvm.dll+0x329f61]
V  [jvm.dll+0x32940a]
V  [jvm.dll+0x215ca1]
V  [jvm.dll+0x2150c1]
V  [jvm.dll+0x1a168d]
V  [jvm.dll+0x2248f8]
V  [jvm.dll+0x222a5c]
V  [jvm.dll+0x78422b]
V  [jvm.dll+0x77e7ea]
V  [jvm.dll+0x66e715]
C  [ucrtbase.dll+0x37b0]
C  [KERNEL32.DLL+0x2e8d7]
C  [ntdll.dll+0x8c48c]


---------------  P R O C E S S  ---------------

Threads class SMR info:
_java_thread_list=0x000002abaeeaa690, length=74, elements={
0x000002abda774490, 0x000002abfa0b74f0, 0x000002abfa0b8b20, 0x000002abfa0d13f0,
0x000002abfa0d40c0, 0x000002abfa0d54f0, 0x000002abfa0d6920, 0x000002abfa0d9cf0,
0x000002abfa0d7d50, 0x000002abfa0db900, 0x000002abfacb1890, 0x000002abfadccee0,
0x000002abfb740070, 0x000002abfcba8d90, 0x000002abfcba8840, 0x000002abfcb27830,
0x000002abfacb0740, 0x000002abfbf13970, 0x000002abfbdafc50, 0x000002abfbdaf780,
0x000002abfbdb0f90, 0x000002abfbdb0ac0, 0x000002abfbdb05f0, 0x000002abfbdaf2b0,
0x000002abfbdb1460, 0x000002abfbdb1930, 0x000002abfbdb27a0, 0x000002abfbdb22d0,
0x000002abfbdb2c70, 0x000002abfb90e6f0, 0x000002abfb90ca10, 0x000002abfb90fa30,
0x000002abfb90d3b0, 0x000002abfb90f090, 0x000002abfb90f560, 0x000002abfb90c070,
0x000002abfb90d880, 0x000002abfb90cee0, 0x000002abfb90c540, 0x000002abfb910d70,
0x000002abfb9138c0, 0x000002abfb9103d0, 0x000002abfb9108a0, 0x000002abfb912a50,
0x000002abfb911240, 0x000002abfb911710, 0x000002abfb911be0, 0x000002abfb9120b0,
0x000002abfb912f20, 0x000002abfb912580, 0x000002abfb9133f0, 0x000002abfe8c9ba0,
0x000002abfe8ca540, 0x000002abfe8cb3b0, 0x000002abfe8cb880, 0x000002abfe8c8390,
0x000002abfe8cc220, 0x000002abfe8cbd50, 0x000002abfe8c9200, 0x000002abfe8c96d0,
0x000002abfe8c8860, 0x000002abfe8ca070, 0x000002abfe8caa10, 0x000002abfe8caee0,
0x000002abfe8cc6f0, 0x000002abfe8c8d30, 0x000002abfe8cd560, 0x000002abfe8ce8a0,
0x000002abfe8ced70, 0x000002abfe8cf240, 0x000002abfe8cf710, 0x000002abfe8ccbc0,
0x000002abae413350, 0x000002abae410ad0
}

Java Threads: ( => current thread )
  0x000002abda774490 JavaThread "main" [_thread_blocked, id=14924, stack(0x000000dd5b800000,0x000000dd5b900000)]
  0x000002abfa0b74f0 JavaThread "Reference Handler" daemon [_thread_blocked, id=5500, stack(0x000000dd5bf00000,0x000000dd5c000000)]
  0x000002abfa0b8b20 JavaThread "Finalizer" daemon [_thread_blocked, id=8888, stack(0x000000dd5c000000,0x000000dd5c100000)]
  0x000002abfa0d13f0 JavaThread "Signal Dispatcher" daemon [_thread_blocked, id=28552, stack(0x000000dd5c100000,0x000000dd5c200000)]
  0x000002abfa0d40c0 JavaThread "Attach Listener" daemon [_thread_blocked, id=1472, stack(0x000000dd5c200000,0x000000dd5c300000)]
  0x000002abfa0d54f0 JavaThread "Service Thread" daemon [_thread_blocked, id=12128, stack(0x000000dd5c300000,0x000000dd5c400000)]
  0x000002abfa0d6920 JavaThread "Monitor Deflation Thread" daemon [_thread_blocked, id=5080, stack(0x000000dd5c400000,0x000000dd5c500000)]
  0x000002abfa0d9cf0 JavaThread "C2 CompilerThread0" daemon [_thread_in_native, id=25492, stack(0x000000dd5c500000,0x000000dd5c600000)]
  0x000002abfa0d7d50 JavaThread "C1 CompilerThread0" daemon [_thread_blocked, id=19112, stack(0x000000dd5c600000,0x000000dd5c700000)]
  0x000002abfa0db900 JavaThread "Sweeper thread" daemon [_thread_blocked, id=10820, stack(0x000000dd5c700000,0x000000dd5c800000)]
  0x000002abfacb1890 JavaThread "Common-Cleaner" daemon [_thread_blocked, id=32040, stack(0x000000dd5c800000,0x000000dd5c900000)]
  0x000002abfadccee0 JavaThread "Notification Thread" daemon [_thread_blocked, id=32080, stack(0x000000dd5c900000,0x000000dd5ca00000)]
  0x000002abfb740070 JavaThread "Daemon health stats" [_thread_blocked, id=31868, stack(0x000000dd5cb00000,0x000000dd5cc00000)]
  0x000002abfcba8d90 JavaThread "Incoming local TCP Connector on port 63183" [_thread_in_native, id=32188, stack(0x000000dd5d000000,0x000000dd5d100000)]
  0x000002abfcba8840 JavaThread "Daemon periodic checks" [_thread_blocked, id=31864, stack(0x000000dd5d100000,0x000000dd5d200000)]
  0x000002abfcb27830 JavaThread "Daemon" [_thread_blocked, id=32112, stack(0x000000dd5d200000,0x000000dd5d300000)]
  0x000002abfacb0740 JavaThread "Handler for socket connection from /127.0.0.1:63183 to /127.0.0.1:63184" [_thread_in_native, id=32344, stack(0x000000dd5d300000,0x000000dd5d400000)]
  0x000002abfbf13970 JavaThread "Cancel handler" [_thread_blocked, id=12108, stack(0x000000dd5d400000,0x000000dd5d500000)]
  0x000002abfbdafc50 JavaThread "Daemon worker" [_thread_in_native, id=27320, stack(0x000000dd5d500000,0x000000dd5d600000)]
  0x000002abfbdaf780 JavaThread "Asynchronous log dispatcher for DefaultDaemonConnection: socket connection from /127.0.0.1:63183 to /127.0.0.1:63184" [_thread_blocked, id=32532, stack(0x000000dd5d600000,0x000000dd5d700000)]
  0x000002abfbdb0f90 JavaThread "Stdin handler" [_thread_blocked, id=11516, stack(0x000000dd5d700000,0x000000dd5d800000)]
  0x000002abfbdb0ac0 JavaThread "Daemon client event forwarder" [_thread_blocked, id=24524, stack(0x000000dd5d800000,0x000000dd5d900000)]
  0x000002abfbdb05f0 JavaThread "Cache worker for journal cache (C:\Users\user\.gradle\caches\journal-1)" [_thread_blocked, id=12700, stack(0x000000dd5d900000,0x000000dd5da00000)]
  0x000002abfbdaf2b0 JavaThread "File lock request listener" [_thread_in_native, id=30760, stack(0x000000dd5da00000,0x000000dd5db00000)]
  0x000002abfbdb1460 JavaThread "Cache worker for file hash cache (C:\Users\user\.gradle\caches\8.14\fileHashes)" [_thread_blocked, id=12580, stack(0x000000dd5e000000,0x000000dd5e100000)]
  0x000002abfbdb1930 JavaThread "Cache worker for file hash cache (C:\Users\user\chat-node-api\flutter_chat_app\android\.gradle\8.14\fileHashes)" [_thread_blocked, id=12612, stack(0x000000dd5e200000,0x000000dd5e300000)]
  0x000002abfbdb27a0 JavaThread "Cache worker for Build Output Cleanup Cache (C:\Users\user\chat-node-api\flutter_chat_app\android\.gradle\buildOutputCleanup)" [_thread_blocked, id=3796, stack(0x000000dd5e100000,0x000000dd5e200000)]
  0x000002abfbdb22d0 JavaThread "File watcher server" daemon [_thread_in_native, id=31852, stack(0x000000dd5e500000,0x000000dd5e600000)]
  0x000002abfbdb2c70 JavaThread "File watcher consumer" daemon [_thread_blocked, id=31996, stack(0x000000dd5e600000,0x000000dd5e700000)]
  0x000002abfb90e6f0 JavaThread "jar transforms" [_thread_blocked, id=12212, stack(0x000000dd5e700000,0x000000dd5e800000)]
  0x000002abfb90ca10 JavaThread "jar transforms Thread 2" [_thread_blocked, id=15448, stack(0x000000dd5e800000,0x000000dd5e900000)]
  0x000002abfb90fa30 JavaThread "Cache worker for checksums cache (C:\Users\user\chat-node-api\flutter_chat_app\android\.gradle\8.14\checksums)" [_thread_blocked, id=29840, stack(0x000000dd5e900000,0x000000dd5ea00000)]
  0x000002abfb90d3b0 JavaThread "Cache worker for file content cache (C:\Users\user\.gradle\caches\8.14\fileContent)" [_thread_blocked, id=29340, stack(0x000000dd5ea00000,0x000000dd5eb00000)]
  0x000002abfb90f090 JavaThread "File lock release action executor" [_thread_blocked, id=22572, stack(0x000000dd5eb00000,0x000000dd5ec00000)]
  0x000002abfb90f560 JavaThread "Cache worker for cache directory md-supplier (C:\Users\user\.gradle\caches\8.14\md-supplier)" [_thread_blocked, id=30656, stack(0x000000dd5ec00000,0x000000dd5ed00000)]
  0x000002abfb90c070 JavaThread "Cache worker for cache directory md-rule (C:\Users\user\.gradle\caches\8.14\md-rule)" [_thread_blocked, id=13216, stack(0x000000dd5ed00000,0x000000dd5ee00000)]
  0x000002abfb90d880 JavaThread "Cache worker for Build Output Cleanup Cache (C:\src\flutter\packages\flutter_tools\gradle\.gradle\buildOutputCleanup)" [_thread_blocked, id=32368, stack(0x000000dd5ee00000,0x000000dd5ef00000)]
  0x000002abfb90cee0 JavaThread "Unconstrained build operations" [_thread_blocked, id=576, stack(0x000000dd5ef00000,0x000000dd5f000000)]
  0x000002abfb90c540 JavaThread "Unconstrained build operations Thread 2" [_thread_blocked, id=25272, stack(0x000000dd5f000000,0x000000dd5f100000)]
  0x000002abfb910d70 JavaThread "Unconstrained build operations Thread 3" [_thread_blocked, id=2828, stack(0x000000dd5f100000,0x000000dd5f200000)]
  0x000002abfb9138c0 JavaThread "Unconstrained build operations Thread 4" [_thread_blocked, id=4740, stack(0x000000dd5f200000,0x000000dd5f300000)]
  0x000002abfb9103d0 JavaThread "Unconstrained build operations Thread 5" [_thread_blocked, id=32024, stack(0x000000dd5f300000,0x000000dd5f400000)]
  0x000002abfb9108a0 JavaThread "Unconstrained build operations Thread 6" [_thread_blocked, id=14792, stack(0x000000dd5f400000,0x000000dd5f500000)]
  0x000002abfb912a50 JavaThread "Unconstrained build operations Thread 7" [_thread_blocked, id=32336, stack(0x000000dd5f500000,0x000000dd5f600000)]
  0x000002abfb911240 JavaThread "Unconstrained build operations Thread 8" [_thread_blocked, id=21868, stack(0x000000dd5f600000,0x000000dd5f700000)]
  0x000002abfb911710 JavaThread "Unconstrained build operations Thread 9" [_thread_blocked, id=20780, stack(0x000000dd5f700000,0x000000dd5f800000)]
  0x000002abfb911be0 JavaThread "Unconstrained build operations Thread 10" [_thread_blocked, id=25564, stack(0x000000dd5f800000,0x000000dd5f900000)]
  0x000002abfb9120b0 JavaThread "Unconstrained build operations Thread 11" [_thread_blocked, id=23912, stack(0x000000dd5f900000,0x000000dd5fa00000)]
  0x000002abfb912f20 JavaThread "Unconstrained build operations Thread 12" [_thread_blocked, id=20144, stack(0x000000dd5fa00000,0x000000dd5fb00000)]
  0x000002abfb912580 JavaThread "Unconstrained build operations Thread 13" [_thread_blocked, id=5680, stack(0x000000dd5fb00000,0x000000dd5fc00000)]
  0x000002abfb9133f0 JavaThread "Unconstrained build operations Thread 14" [_thread_blocked, id=26056, stack(0x000000dd5fc00000,0x000000dd5fd00000)]
  0x000002abfe8c9ba0 JavaThread "Unconstrained build operations Thread 15" [_thread_blocked, id=13112, stack(0x000000dd5fd00000,0x000000dd5fe00000)]
  0x000002abfe8ca540 JavaThread "Unconstrained build operations Thread 16" [_thread_blocked, id=31836, stack(0x000000dd5fe00000,0x000000dd5ff00000)]
  0x000002abfe8cb3b0 JavaThread "Unconstrained build operations Thread 17" [_thread_blocked, id=27532, stack(0x000000dd5ff00000,0x000000dd60000000)]
  0x000002abfe8cb880 JavaThread "Unconstrained build operations Thread 18" [_thread_blocked, id=31844, stack(0x000000dd60000000,0x000000dd60100000)]
  0x000002abfe8c8390 JavaThread "Unconstrained build operations Thread 19" [_thread_blocked, id=19068, stack(0x000000dd60100000,0x000000dd60200000)]
  0x000002abfe8cc220 JavaThread "Unconstrained build operations Thread 20" [_thread_blocked, id=32364, stack(0x000000dd60200000,0x000000dd60300000)]
  0x000002abfe8cbd50 JavaThread "Unconstrained build operations Thread 21" [_thread_blocked, id=32360, stack(0x000000dd60300000,0x000000dd60400000)]
  0x000002abfe8c9200 JavaThread "Unconstrained build operations Thread 22" [_thread_blocked, id=32568, stack(0x000000dd60400000,0x000000dd60500000)]
  0x000002abfe8c96d0 JavaThread "Unconstrained build operations Thread 23" [_thread_blocked, id=24056, stack(0x000000dd60500000,0x000000dd60600000)]
  0x000002abfe8c8860 JavaThread "Unconstrained build operations Thread 24" [_thread_blocked, id=11940, stack(0x000000dd60600000,0x000000dd60700000)]
  0x000002abfe8ca070 JavaThread "Unconstrained build operations Thread 25" [_thread_blocked, id=32576, stack(0x000000dd60700000,0x000000dd60800000)]
  0x000002abfe8caa10 JavaThread "Unconstrained build operations Thread 26" [_thread_blocked, id=15100, stack(0x000000dd60800000,0x000000dd60900000)]
  0x000002abfe8caee0 JavaThread "Unconstrained build operations Thread 27" [_thread_blocked, id=32616, stack(0x000000dd60900000,0x000000dd60a00000)]
  0x000002abfe8cc6f0 JavaThread "Unconstrained build operations Thread 28" [_thread_blocked, id=32624, stack(0x000000dd60a00000,0x000000dd60b00000)]
  0x000002abfe8c8d30 JavaThread "Unconstrained build operations Thread 29" [_thread_blocked, id=31808, stack(0x000000dd60b00000,0x000000dd60c00000)]
  0x000002abfe8cd560 JavaThread "Unconstrained build operations Thread 30" [_thread_blocked, id=28948, stack(0x000000dd60c00000,0x000000dd60d00000)]
  0x000002abfe8ce8a0 JavaThread "Unconstrained build operations Thread 31" [_thread_blocked, id=15020, stack(0x000000dd60d00000,0x000000dd60e00000)]
  0x000002abfe8ced70 JavaThread "Unconstrained build operations Thread 32" [_thread_blocked, id=5684, stack(0x000000dd60e00000,0x000000dd60f00000)]
  0x000002abfe8cf240 JavaThread "Unconstrained build operations Thread 33" [_thread_blocked, id=17964, stack(0x000000dd60f00000,0x000000dd61000000)]
  0x000002abfe8cf710 JavaThread "Memory manager" [_thread_blocked, id=17072, stack(0x000000dd61000000,0x000000dd61100000)]
  0x000002abfe8ccbc0 JavaThread "build event listener" [_thread_blocked, id=20432, stack(0x000000dd61100000,0x000000dd61200000)]
  0x000002abae413350 JavaThread "C2 CompilerThread1" daemon [_thread_in_native, id=33768, stack(0x000000dd5b500000,0x000000dd5b600000)]
=>0x000002abae410ad0 JavaThread "C2 CompilerThread2" daemon [_thread_in_native, id=23484, stack(0x000000dd5b600000,0x000000dd5b700000)]

Other Threads:
  0x000002abfa0b2890 VMThread "VM Thread" [stack: 0x000000dd5be00000,0x000000dd5bf00000] [id=21756]
  0x000002abda8015c0 WatcherThread [stack: 0x000000dd5ca00000,0x000000dd5cb00000] [id=17388]
  0x000002abda22e800 GCTaskThread "GC Thread#0" [stack: 0x000000dd5b900000,0x000000dd5ba00000] [id=3128]
  0x000002abfaff7ca0 GCTaskThread "GC Thread#1" [stack: 0x000000dd5cc00000,0x000000dd5cd00000] [id=23148]
  0x000002abfae703b0 GCTaskThread "GC Thread#2" [stack: 0x000000dd5cd00000,0x000000dd5ce00000] [id=2900]
  0x000002abfbc7def0 GCTaskThread "GC Thread#3" [stack: 0x000000dd5ce00000,0x000000dd5cf00000] [id=32060]
  0x000002abfbf80f30 GCTaskThread "GC Thread#4" [stack: 0x000000dd5cf00000,0x000000dd5d000000] [id=31476]
  0x000002abfc152dd0 GCTaskThread "GC Thread#5" [stack: 0x000000dd5db00000,0x000000dd5dc00000] [id=11340]
  0x000002abfc153b40 GCTaskThread "GC Thread#6" [stack: 0x000000dd5dc00000,0x000000dd5dd00000] [id=27268]
  0x000002abfc152310 GCTaskThread "GC Thread#7" [stack: 0x000000dd5dd00000,0x000000dd5de00000] [id=10428]
  0x000002abfc153080 GCTaskThread "GC Thread#8" [stack: 0x000000dd5de00000,0x000000dd5df00000] [id=27816]
  0x000002abfc152060 GCTaskThread "GC Thread#9" [stack: 0x000000dd5df00000,0x000000dd5e000000] [id=21412]
  0x000002abda7f60f0 ConcurrentGCThread "G1 Main Marker" [stack: 0x000000dd5ba00000,0x000000dd5bb00000] [id=26632]
  0x000002abda7f76e0 ConcurrentGCThread "G1 Conc#0" [stack: 0x000000dd5bb00000,0x000000dd5bc00000] [id=26872]
  0x000002abfc152b20 ConcurrentGCThread "G1 Conc#1" [stack: 0x000000dd5e300000,0x000000dd5e400000] [id=19700]
  0x000002abfc153330 ConcurrentGCThread "G1 Conc#2" [stack: 0x000000dd5e400000,0x000000dd5e500000] [id=32156]
  0x000002abf9f6c140 ConcurrentGCThread "G1 Refine#0" [stack: 0x000000dd5bc00000,0x000000dd5bd00000] [id=6740]
  0x000002abfc314000 ConcurrentGCThread "G1 Refine#1" [stack: 0x000000dd61400000,0x000000dd61500000] [id=19120]
  0x000002abfc315cc0 ConcurrentGCThread "G1 Refine#2" [stack: 0x000000dd61500000,0x000000dd61600000] [id=6772]
  0x000002abfc315140 ConcurrentGCThread "G1 Refine#3" [stack: 0x000000dd61600000,0x000000dd61700000] [id=21316]
  0x000002abf9f6c970 ConcurrentGCThread "G1 Service" [stack: 0x000000dd5bd00000,0x000000dd5be00000] [id=10136]

Threads with active compile tasks:
C2 CompilerThread0    71659 13937   !   4       java.lang.reflect.Executable::declaredAnnotations (85 bytes)
C2 CompilerThread1    71659 14052 %     4       org.gradle.internal.instantiation.generator.AbstractClassGenerator::inspectType @ 107 (602 bytes)
C2 CompilerThread2    71659 14012       4       java.lang.reflect.Executable::getAnnotation (23 bytes)

VM state: not at safepoint (normal execution)

VM Mutex/Monitor currently owned by a thread: None

Heap address: 0x0000000600000000, size: 8192 MB, Compressed Oops mode: Zero based, Oop shift amount: 3

CDS archive(s) mapped at: [0x0000000800000000-0x0000000800bc0000-0x0000000800bc0000), size 12320768, SharedBaseAddress: 0x0000000800000000, ArchiveRelocationMode: 0.
Compressed class space mapped at: 0x0000000800c00000-0x0000000840c00000, reserved size: 1073741824
Narrow klass base: 0x0000000800000000, Narrow klass shift: 0, Narrow klass range: 0x100000000

GC Precious Log:
 CPUs: 12 total, 12 available
 Memory: 7915M
 Large Page Support: Disabled
 NUMA Support: Disabled
 Compressed Oops: Enabled (Zero based)
 Heap Region Size: 4M
 Heap Min Capacity: 8M
 Heap Initial Capacity: 124M
 Heap Max Capacity: 8G
 Pre-touch: Disabled
 Parallel Workers: 10
 Concurrent Workers: 3
 Concurrent Refinement Workers: 10
 Periodic GC: Disabled

Heap:
 garbage-first heap   total 225280K, used 155924K [0x0000000600000000, 0x0000000800000000)
  region size 4096K, 9 young (36864K), 1 survivors (4096K)
 Metaspace       used 129259K, committed 130112K, reserved 1163264K
  class space    used 16873K, committed 17280K, reserved 1048576K

Heap Regions: E=young(eden), S=young(survivor), O=old, HS=humongous(starts), HC=humongous(continues), CS=collection set, F=free, OA=open archive, CA=closed archive, TAMS=top-at-mark-start (previous, next)
|   0|0x0000000600000000, 0x0000000600400000, 0x0000000600400000|100%|HS|  |TAMS 0x0000000600400000, 0x0000000600000000| Complete 
|   1|0x0000000600400000, 0x0000000600800000, 0x0000000600800000|100%| O|  |TAMS 0x0000000600800000, 0x0000000600400000| Untracked 
|   2|0x0000000600800000, 0x0000000600c00000, 0x0000000600c00000|100%| O|  |TAMS 0x0000000600c00000, 0x0000000600800000| Untracked 
|   3|0x0000000600c00000, 0x0000000600fb7c00, 0x0000000601000000| 92%| O|  |TAMS 0x0000000600fb7c00, 0x0000000600c00000| Untracked 
|   4|0x0000000601000000, 0x0000000601400000, 0x0000000601400000|100%| O|  |TAMS 0x0000000601400000, 0x0000000601000000| Untracked 
|   5|0x0000000601400000, 0x0000000601800000, 0x0000000601800000|100%| O|  |TAMS 0x0000000601800000, 0x0000000601400000| Untracked 
|   6|0x0000000601800000, 0x0000000601c00000, 0x0000000601c00000|100%| O|  |TAMS 0x0000000601c00000, 0x0000000601800000| Untracked 
|   7|0x0000000601c00000, 0x0000000602000000, 0x0000000602000000|100%| O|  |TAMS 0x0000000602000000, 0x0000000601c00000| Untracked 
|   8|0x0000000602000000, 0x0000000602400000, 0x0000000602400000|100%| O|  |TAMS 0x0000000602400000, 0x0000000602000000| Untracked 
|   9|0x0000000602400000, 0x0000000602800000, 0x0000000602800000|100%| O|  |TAMS 0x0000000602800000, 0x0000000602400000| Untracked 
|  10|0x0000000602800000, 0x0000000602c00000, 0x0000000602c00000|100%| O|  |TAMS 0x0000000602c00000, 0x0000000602800000| Untracked 
|  11|0x0000000602c00000, 0x0000000603000000, 0x0000000603000000|100%|HS|  |TAMS 0x0000000603000000, 0x0000000602c00000| Complete 
|  12|0x0000000603000000, 0x0000000603400000, 0x0000000603400000|100%| O|  |TAMS 0x0000000603400000, 0x0000000603000000| Untracked 
|  13|0x0000000603400000, 0x0000000603800000, 0x0000000603800000|100%| O|  |TAMS 0x0000000603800000, 0x0000000603400000| Untracked 
|  14|0x0000000603800000, 0x0000000603c00000, 0x0000000603c00000|100%| O|  |TAMS 0x0000000603c00000, 0x0000000603800000| Untracked 
|  15|0x0000000603c00000, 0x0000000604000000, 0x0000000604000000|100%|HS|  |TAMS 0x0000000604000000, 0x0000000603c00000| Complete 
|  16|0x0000000604000000, 0x0000000604400000, 0x0000000604400000|100%| O|  |TAMS 0x0000000604400000, 0x0000000604000000| Untracked 
|  17|0x0000000604400000, 0x0000000604800000, 0x0000000604800000|100%| O|  |TAMS 0x0000000604800000, 0x0000000604400000| Untracked 
|  18|0x0000000604800000, 0x0000000604c00000, 0x0000000604c00000|100%| O|  |TAMS 0x0000000604c00000, 0x0000000604800000| Untracked 
|  19|0x0000000604c00000, 0x0000000605000000, 0x0000000605000000|100%| O|  |TAMS 0x0000000605000000, 0x0000000604c00000| Untracked 
|  20|0x0000000605000000, 0x0000000605400000, 0x0000000605400000|100%| O|  |TAMS 0x0000000605400000, 0x0000000605000000| Untracked 
|  21|0x0000000605400000, 0x0000000605800000, 0x0000000605800000|100%| O|  |TAMS 0x0000000605800000, 0x0000000605400000| Untracked 
|  22|0x0000000605800000, 0x0000000605c00000, 0x0000000605c00000|100%| O|  |TAMS 0x0000000605c00000, 0x0000000605800000| Untracked 
|  23|0x0000000605c00000, 0x0000000606000000, 0x0000000606000000|100%|HS|  |TAMS 0x0000000606000000, 0x0000000605c00000| Complete 
|  24|0x0000000606000000, 0x0000000606400000, 0x0000000606400000|100%|HC|  |TAMS 0x0000000606400000, 0x0000000606000000| Complete 
|  25|0x0000000606400000, 0x0000000606800000, 0x0000000606800000|100%| O|  |TAMS 0x0000000606800000, 0x0000000606400000| Untracked 
|  26|0x0000000606800000, 0x0000000606c00000, 0x0000000606c00000|100%| O|  |TAMS 0x0000000606c00000, 0x0000000606800000| Untracked 
|  27|0x0000000606c00000, 0x0000000607000000, 0x0000000607000000|100%| O|  |TAMS 0x0000000607000000, 0x0000000606c00000| Untracked 
|  28|0x0000000607000000, 0x0000000607400000, 0x0000000607400000|100%| O|  |TAMS 0x0000000607400000, 0x0000000607000000| Untracked 
|  29|0x0000000607400000, 0x0000000607800000, 0x0000000607800000|100%| O|  |TAMS 0x000000060764b400, 0x0000000607400000| Untracked 
|  30|0x0000000607800000, 0x0000000607943400, 0x0000000607c00000| 31%| O|  |TAMS 0x0000000607800000, 0x0000000607800000| Untracked 
|  31|0x0000000607c00000, 0x0000000607c00000, 0x0000000608000000|  0%| F|  |TAMS 0x0000000607c00000, 0x0000000607c00000| Untracked 
|  32|0x0000000608000000, 0x0000000608000000, 0x0000000608400000|  0%| F|  |TAMS 0x0000000608000000, 0x0000000608000000| Untracked 
|  33|0x0000000608400000, 0x0000000608400000, 0x0000000608800000|  0%| F|  |TAMS 0x0000000608400000, 0x0000000608400000| Untracked 
|  34|0x0000000608800000, 0x0000000608800000, 0x0000000608c00000|  0%| F|  |TAMS 0x0000000608800000, 0x0000000608800000| Untracked 
|  35|0x0000000608c00000, 0x0000000608c00000, 0x0000000609000000|  0%| F|  |TAMS 0x0000000608c00000, 0x0000000608c00000| Untracked 
|  36|0x0000000609000000, 0x0000000609000000, 0x0000000609400000|  0%| F|  |TAMS 0x0000000609000000, 0x0000000609000000| Untracked 
|  37|0x0000000609400000, 0x0000000609400000, 0x0000000609800000|  0%| F|  |TAMS 0x0000000609400000, 0x0000000609400000| Untracked 
|  38|0x0000000609800000, 0x0000000609800000, 0x0000000609c00000|  0%| F|  |TAMS 0x0000000609800000, 0x0000000609800000| Untracked 
|  39|0x0000000609c00000, 0x0000000609f4a3b8, 0x000000060a000000| 82%| S|CS|TAMS 0x0000000609c00000, 0x0000000609c00000| Complete 
|  40|0x000000060a000000, 0x000000060a000000, 0x000000060a400000|  0%| F|  |TAMS 0x000000060a000000, 0x000000060a000000| Untracked 
|  41|0x000000060a400000, 0x000000060a400000, 0x000000060a800000|  0%| F|  |TAMS 0x000000060a400000, 0x000000060a400000| Untracked 
|  42|0x000000060a800000, 0x000000060a800000, 0x000000060ac00000|  0%| F|  |TAMS 0x000000060a800000, 0x000000060a800000| Untracked 
|  43|0x000000060ac00000, 0x000000060ac00000, 0x000000060b000000|  0%| F|  |TAMS 0x000000060ac00000, 0x000000060ac00000| Untracked 
|  44|0x000000060b000000, 0x000000060b000000, 0x000000060b400000|  0%| F|  |TAMS 0x000000060b000000, 0x000000060b000000| Untracked 
|  45|0x000000060b400000, 0x000000060b400000, 0x000000060b800000|  0%| F|  |TAMS 0x000000060b400000, 0x000000060b400000| Untracked 
|  46|0x000000060b800000, 0x000000060b800000, 0x000000060bc00000|  0%| F|  |TAMS 0x000000060b800000, 0x000000060b800000| Untracked 
|  47|0x000000060bc00000, 0x000000060be29b60, 0x000000060c000000| 54%| E|  |TAMS 0x000000060bc00000, 0x000000060bc00000| Complete 
|  48|0x000000060c000000, 0x000000060c400000, 0x000000060c400000|100%| E|CS|TAMS 0x000000060c000000, 0x000000060c000000| Complete 
|  49|0x000000060c400000, 0x000000060c800000, 0x000000060c800000|100%| E|CS|TAMS 0x000000060c400000, 0x000000060c400000| Complete 
|  50|0x000000060c800000, 0x000000060cc00000, 0x000000060cc00000|100%| E|CS|TAMS 0x000000060c800000, 0x000000060c800000| Complete 
|  51|0x000000060cc00000, 0x000000060d000000, 0x000000060d000000|100%| E|CS|TAMS 0x000000060cc00000, 0x000000060cc00000| Complete 
|  52|0x000000060d000000, 0x000000060d400000, 0x000000060d400000|100%| E|CS|TAMS 0x000000060d000000, 0x000000060d000000| Complete 
|  53|0x000000060d400000, 0x000000060d800000, 0x000000060d800000|100%| E|CS|TAMS 0x000000060d400000, 0x000000060d400000| Complete 
|  54|0x000000060d800000, 0x000000060dc00000, 0x000000060dc00000|100%| E|CS|TAMS 0x000000060d800000, 0x000000060d800000| Complete 

Card table byte_map: [0x000002abe5400000,0x000002abe6400000] _byte_map_base: 0x000002abe2400000

Marking Bits (Prev, Next): (CMBitMap*) 0x000002abda7e5a40, (CMBitMap*) 0x000002abda7e5a00
 Prev Bits: [0x000002abef400000, 0x000002abf7400000)
 Next Bits: [0x000002abe7400000, 0x000002abef400000)

Polling page: 0x000002abda4a0000

Metaspace:

Usage:
  Non-class:    109.75 MB used.
      Class:     16.48 MB used.
       Both:    126.23 MB used.

Virtual space:
  Non-class space:      112.00 MB reserved,     110.19 MB ( 98%) committed,  14 nodes.
      Class space:        1.00 GB reserved,      16.88 MB (  2%) committed,  1 nodes.
             Both:        1.11 GB reserved,     127.06 MB ( 11%) committed. 

Chunk freelists:
   Non-Class:  1.77 MB
       Class:  3.03 MB
        Both:  4.80 MB

MaxMetaspaceSize: 4.00 GB
CompressedClassSpaceSize: 1.00 GB
Initial GC threshold: 21.00 MB
Current GC threshold: 207.62 MB
CDS: on
MetaspaceReclaimPolicy: balanced
 - commit_granule_bytes: 65536.
 - commit_granule_words: 8192.
 - virtual_space_node_default_size: 1048576.
 - enlarge_chunks_in_place: 1.
 - new_chunks_are_fully_committed: 0.
 - uncommit_free_chunks: 1.
 - use_allocation_guard: 0.
 - handle_deallocations: 1.


Internal statistics:

num_allocs_failed_limit: 9.
num_arena_births: 1118.
num_arena_deaths: 2.
num_vsnodes_births: 15.
num_vsnodes_deaths: 0.
num_space_committed: 2031.
num_space_uncommitted: 0.
num_chunks_returned_to_freelist: 15.
num_chunks_taken_from_freelist: 6095.
num_chunk_merges: 9.
num_chunk_splits: 4471.
num_chunks_enlarged: 3525.
num_purges: 2.
num_inconsistent_stats: 0.

CodeHeap 'non-profiled nmethods': size=259264Kb used=6075Kb max_used=6521Kb free=253188Kb
 bounds [0x000002ab902d0000, 0x000002ab90930000, 0x000002aba0000000]
CodeHeap 'profiled nmethods': size=259264Kb used=24518Kb max_used=24518Kb free=234745Kb
 bounds [0x000002ab805a0000, 0x000002ab81da0000, 0x000002ab902d0000]
CodeHeap 'non-nmethods': size=5760Kb used=2571Kb max_used=2618Kb free=3188Kb
 bounds [0x000002ab80000000, 0x000002ab802a0000, 0x000002ab805a0000]
 total_blobs=13074 nmethods=11938 adapters=1046
 compilation: enabled
              stopped_count=0, restarted_count=0
 full_count=0

Compilation events (20 events):
Event: 69.385 Thread 0x000002abfa0d7d50 14050       3       org.gradle.internal.instantiation.generator.AbstractClassGenerator$PropertyMetadata::addSetter (41 bytes)
Event: 69.386 Thread 0x000002abfa0d7d50 nmethod 14050 0x000002ab81d7e190 code [0x000002ab81d7e360, 0x000002ab81d7e878]
Event: 69.433 Thread 0x000002abfa0d7d50 14053       3       sun.reflect.annotation.AnnotationParser::parseMemberValue (230 bytes)
Event: 69.437 Thread 0x000002abae413350 nmethod 13956 0x000002ab9042e590 code [0x000002ab9042eaa0, 0x000002ab90433bc8]
Event: 69.438 Thread 0x000002abfa0d7d50 nmethod 14053 0x000002ab81d7ea10 code [0x000002ab81d7ef20, 0x000002ab81d81688]
Event: 69.439 Thread 0x000002abfa0d7d50 14055       3       org.gradle.internal.instantiation.generator.AbstractClassGenerator::isLazyAttachProperty (55 bytes)
Event: 69.439 Thread 0x000002abae413350 14052 %     4       org.gradle.internal.instantiation.generator.AbstractClassGenerator::inspectType @ 107 (602 bytes)
Event: 69.441 Thread 0x000002abfa0d7d50 nmethod 14055 0x000002ab81d82310 code [0x000002ab81d826a0, 0x000002ab81d84058]
Event: 69.441 Thread 0x000002abfa0d7d50 14056       1       org.gradle.internal.instantiation.generator.AbstractClassGenerator$PropertyMetadata::access$2700 (5 bytes)
Event: 69.442 Thread 0x000002abfa0d7d50 nmethod 14056 0x000002ab9042e290 code [0x000002ab9042e420, 0x000002ab9042e4d8]
Event: 69.442 Thread 0x000002abfa0d7d50 14054       3       org.gradle.internal.instantiation.generator.AbstractClassGenerator::isManagedProperty (33 bytes)
Event: 69.444 Thread 0x000002abfa0d7d50 nmethod 14054 0x000002ab81d84890 code [0x000002ab81d84ba0, 0x000002ab81d85df8]
Event: 69.453 Thread 0x000002abfa0d7d50 14057   !   3       java.util.concurrent.ConcurrentHashMap::computeIfAbsent (576 bytes)
Event: 69.457 Thread 0x000002abfa0d7d50 nmethod 14057 0x000002ab81d86410 code [0x000002ab81d86820, 0x000002ab81d88c38]
Event: 69.546 Thread 0x000002abfa0d7d50 14059       3       org.gradle.internal.service.DefaultServiceRegistry::serviceRequested (42 bytes)
Event: 69.550 Thread 0x000002abfa0d7d50 nmethod 14059 0x000002ab81d89d10 code [0x000002ab81d8a0e0, 0x000002ab81d8baf8]
Event: 69.550 Thread 0x000002abfa0d7d50 14060       3       org.gradle.internal.extensibility.DefaultExtraPropertiesExtension::has (31 bytes)
Event: 69.551 Thread 0x000002abfa0d7d50 nmethod 14060 0x000002ab81d8c410 code [0x000002ab81d8c5e0, 0x000002ab81d8c938]
Event: 69.569 Thread 0x000002abfa0d7d50 14061       1       java.util.Calendar::getZone (5 bytes)
Event: 69.569 Thread 0x000002abfa0d7d50 nmethod 14061 0x000002ab9042de10 code [0x000002ab9042dfa0, 0x000002ab9042e078]

GC Heap History (20 events):
Event: 48.849 GC heap before
{Heap before GC invocations=40 (full 0):
 garbage-first heap   total 184320K, used 128134K [0x0000000600000000, 0x0000000800000000)
  region size 4096K, 8 young (32768K), 1 survivors (4096K)
 Metaspace       used 90148K, committed 90944K, reserved 1130496K
  class space    used 12785K, committed 13184K, reserved 1048576K
}
Event: 48.852 GC heap after
{Heap after GC invocations=41 (full 0):
 garbage-first heap   total 184320K, used 102219K [0x0000000600000000, 0x0000000800000000)
  region size 4096K, 1 young (4096K), 1 survivors (4096K)
 Metaspace       used 90148K, committed 90944K, reserved 1130496K
  class space    used 12785K, committed 13184K, reserved 1048576K
}
Event: 50.050 GC heap before
{Heap before GC invocations=41 (full 0):
 garbage-first heap   total 184320K, used 139083K [0x0000000600000000, 0x0000000800000000)
  region size 4096K, 10 young (40960K), 1 survivors (4096K)
 Metaspace       used 94155K, committed 94976K, reserved 1130496K
  class space    used 13121K, committed 13504K, reserved 1048576K
}
Event: 50.057 GC heap after
{Heap after GC invocations=42 (full 0):
 garbage-first heap   total 184320K, used 104961K [0x0000000600000000, 0x0000000800000000)
  region size 4096K, 2 young (8192K), 2 survivors (8192K)
 Metaspace       used 94155K, committed 94976K, reserved 1130496K
  class space    used 13121K, committed 13504K, reserved 1048576K
}
Event: 51.552 GC heap before
{Heap before GC invocations=43 (full 0):
 garbage-first heap   total 192512K, used 133633K [0x0000000600000000, 0x0000000800000000)
  region size 4096K, 10 young (40960K), 2 survivors (8192K)
 Metaspace       used 97899K, committed 98688K, reserved 1138688K
  class space    used 13590K, committed 13952K, reserved 1048576K
}
Event: 51.560 GC heap after
{Heap after GC invocations=44 (full 0):
 garbage-first heap   total 192512K, used 105986K [0x0000000600000000, 0x0000000800000000)
  region size 4096K, 1 young (4096K), 1 survivors (4096K)
 Metaspace       used 97899K, committed 98688K, reserved 1138688K
  class space    used 13590K, committed 13952K, reserved 1048576K
}
Event: 53.158 GC heap before
{Heap before GC invocations=44 (full 0):
 garbage-first heap   total 192512K, used 146946K [0x0000000600000000, 0x0000000800000000)
  region size 4096K, 11 young (45056K), 1 survivors (4096K)
 Metaspace       used 102141K, committed 102912K, reserved 1138688K
  class space    used 14126K, committed 14528K, reserved 1048576K
}
Event: 53.167 GC heap after
{Heap after GC invocations=45 (full 0):
 garbage-first heap   total 192512K, used 109288K [0x0000000600000000, 0x0000000800000000)
  region size 4096K, 2 young (8192K), 2 survivors (8192K)
 Metaspace       used 102141K, committed 102912K, reserved 1138688K
  class space    used 14126K, committed 14528K, reserved 1048576K
}
Event: 55.087 GC heap before
{Heap before GC invocations=46 (full 0):
 garbage-first heap   total 204800K, used 146152K [0x0000000600000000, 0x0000000800000000)
  region size 4096K, 12 young (49152K), 2 survivors (8192K)
 Metaspace       used 104257K, committed 105088K, reserved 1146880K
  class space    used 14378K, committed 14784K, reserved 1048576K
}
Event: 55.095 GC heap after
{Heap after GC invocations=47 (full 0):
 garbage-first heap   total 204800K, used 110551K [0x0000000600000000, 0x0000000800000000)
  region size 4096K, 2 young (8192K), 2 survivors (8192K)
 Metaspace       used 104257K, committed 105088K, reserved 1146880K
  class space    used 14378K, committed 14784K, reserved 1048576K
}
Event: 57.416 GC heap before
{Heap before GC invocations=47 (full 0):
 garbage-first heap   total 204800K, used 159703K [0x0000000600000000, 0x0000000800000000)
  region size 4096K, 14 young (57344K), 2 survivors (8192K)
 Metaspace       used 106334K, committed 107136K, reserved 1146880K
  class space    used 14580K, committed 14976K, reserved 1048576K
}
Event: 57.431 GC heap after
{Heap after GC invocations=48 (full 0):
 garbage-first heap   total 204800K, used 115159K [0x0000000600000000, 0x0000000800000000)
  region size 4096K, 2 young (8192K), 2 survivors (8192K)
 Metaspace       used 106334K, committed 107136K, reserved 1146880K
  class space    used 14580K, committed 14976K, reserved 1048576K
}
Event: 61.059 GC heap before
{Heap before GC invocations=49 (full 0):
 garbage-first heap   total 204800K, used 164311K [0x0000000600000000, 0x0000000800000000)
  region size 4096K, 14 young (57344K), 2 survivors (8192K)
 Metaspace       used 109935K, committed 110784K, reserved 1146880K
  class space    used 14905K, committed 15296K, reserved 1048576K
}
Event: 61.069 GC heap after
{Heap after GC invocations=50 (full 0):
 garbage-first heap   total 204800K, used 120740K [0x0000000600000000, 0x0000000800000000)
  region size 4096K, 2 young (8192K), 2 survivors (8192K)
 Metaspace       used 109935K, committed 110784K, reserved 1146880K
  class space    used 14905K, committed 15296K, reserved 1048576K
}
Event: 62.393 GC heap before
{Heap before GC invocations=50 (full 0):
 garbage-first heap   total 204800K, used 161700K [0x0000000600000000, 0x0000000800000000)
  region size 4096K, 12 young (49152K), 2 survivors (8192K)
 Metaspace       used 113986K, committed 114816K, reserved 1155072K
  class space    used 15339K, committed 15744K, reserved 1048576K
}
Event: 62.401 GC heap after
{Heap after GC invocations=51 (full 0):
 garbage-first heap   total 204800K, used 124230K [0x0000000600000000, 0x0000000800000000)
  region size 4096K, 1 young (4096K), 1 survivors (4096K)
 Metaspace       used 113986K, committed 114816K, reserved 1155072K
  class space    used 15339K, committed 15744K, reserved 1048576K
}
Event: 64.032 GC heap before
{Heap before GC invocations=52 (full 0):
 garbage-first heap   total 221184K, used 165190K [0x0000000600000000, 0x0000000800000000)
  region size 4096K, 11 young (45056K), 1 survivors (4096K)
 Metaspace       used 119154K, committed 120064K, reserved 1155072K
  class space    used 15954K, committed 16384K, reserved 1048576K
}
Event: 64.038 GC heap after
{Heap after GC invocations=53 (full 0):
 garbage-first heap   total 221184K, used 126010K [0x0000000600000000, 0x0000000800000000)
  region size 4096K, 2 young (8192K), 2 survivors (8192K)
 Metaspace       used 119154K, committed 120064K, reserved 1155072K
  class space    used 15954K, committed 16384K, reserved 1048576K
}
Event: 66.273 GC heap before
{Heap before GC invocations=53 (full 0):
 garbage-first heap   total 221184K, used 171066K [0x0000000600000000, 0x0000000800000000)
  region size 4096K, 14 young (57344K), 2 survivors (8192K)
 Metaspace       used 126494K, committed 127360K, reserved 1163264K
  class space    used 16584K, committed 17024K, reserved 1048576K
}
Event: 66.282 GC heap after
{Heap after GC invocations=54 (full 0):
 garbage-first heap   total 221184K, used 127252K [0x0000000600000000, 0x0000000800000000)
  region size 4096K, 1 young (4096K), 1 survivors (4096K)
 Metaspace       used 126494K, committed 127360K, reserved 1163264K
  class space    used 16584K, committed 17024K, reserved 1048576K
}

Deoptimization events (20 events):
Event: 67.250 Thread 0x000002abfbdafc50 Uncommon trap: trap_request=0xffffff45 fr.pc=0x000002ab9032fc78 relative=0x00000000000006b8
Event: 67.250 Thread 0x000002abfbdafc50 Uncommon trap: reason=unstable_if action=reinterpret pc=0x000002ab9032fc78 method=org.objectweb.asm.ClassReader.readUtf(II[C)Ljava/lang/String; @ 41 c2
Event: 67.250 Thread 0x000002abfbdafc50 DEOPT PACKING pc=0x000002ab9032fc78 sp=0x000000dd5d5f3c90
Event: 67.250 Thread 0x000002abfbdafc50 DEOPT UNPACKING pc=0x000002ab800523a3 sp=0x000000dd5d5f3ba8 mode 2
Event: 67.259 Thread 0x000002abfbdafc50 Uncommon trap: trap_request=0xffffff45 fr.pc=0x000002ab902dcdb0 relative=0x0000000000000590
Event: 67.259 Thread 0x000002abfbdafc50 Uncommon trap: reason=unstable_if action=reinterpret pc=0x000002ab902dcdb0 method=org.objectweb.asm.ClassReader.readUtf(II[C)Ljava/lang/String; @ 41 c2
Event: 67.259 Thread 0x000002abfbdafc50 DEOPT PACKING pc=0x000002ab902dcdb0 sp=0x000000dd5d5f3bd0
Event: 67.259 Thread 0x000002abfbdafc50 DEOPT UNPACKING pc=0x000002ab800523a3 sp=0x000000dd5d5f3b98 mode 2
Event: 68.903 Thread 0x000002abfbdafc50 Uncommon trap: trap_request=0xffffffde fr.pc=0x000002ab907948d0 relative=0x00000000000049f0
Event: 68.903 Thread 0x000002abfbdafc50 Uncommon trap: reason=class_check action=maybe_recompile pc=0x000002ab907948d0 method=java.net.URLClassLoader.defineClass(Ljava/lang/String;Ljdk/internal/loader/Resource;)Ljava/lang/Class; @ 34 c2
Event: 68.903 Thread 0x000002abfbdafc50 DEOPT PACKING pc=0x000002ab907948d0 sp=0x000000dd5d5f5870
Event: 68.903 Thread 0x000002abfbdafc50 DEOPT UNPACKING pc=0x000002ab800523a3 sp=0x000000dd5d5f58c8 mode 2
Event: 69.025 Thread 0x000002abfbdafc50 Uncommon trap: trap_request=0xffffff45 fr.pc=0x000002ab903ea8d0 relative=0x0000000000002850
Event: 69.025 Thread 0x000002abfbdafc50 Uncommon trap: reason=unstable_if action=reinterpret pc=0x000002ab903ea8d0 method=org.objectweb.asm.Frame.execute(IILorg/objectweb/asm/Symbol;Lorg/objectweb/asm/SymbolTable;)V @ 1 c2
Event: 69.025 Thread 0x000002abfbdafc50 DEOPT PACKING pc=0x000002ab903ea8d0 sp=0x000000dd5d5f4810
Event: 69.026 Thread 0x000002abfbdafc50 DEOPT UNPACKING pc=0x000002ab800523a3 sp=0x000000dd5d5f47b8 mode 2
Event: 69.266 Thread 0x000002abfbdafc50 Uncommon trap: trap_request=0xffffff45 fr.pc=0x000002ab907270f0 relative=0x0000000000001990
Event: 69.266 Thread 0x000002abfbdafc50 Uncommon trap: reason=unstable_if action=reinterpret pc=0x000002ab907270f0 method=java.util.concurrent.ConcurrentHashMap.computeIfAbsent(Ljava/lang/Object;Ljava/util/function/Function;)Ljava/lang/Object; @ 364 c2
Event: 69.267 Thread 0x000002abfbdafc50 DEOPT PACKING pc=0x000002ab907270f0 sp=0x000000dd5d5f5bd0
Event: 69.267 Thread 0x000002abfbdafc50 DEOPT UNPACKING pc=0x000002ab800523a3 sp=0x000000dd5d5f5b48 mode 2

Classes unloaded (5 events):
Event: 31.600 Thread 0x000002abfa0b2890 Unloading class 0x0000000801139000 '_BuildScript_$_run_closure1$_closure2'
Event: 31.601 Thread 0x000002abfa0b2890 Unloading class 0x0000000801138a98 '_BuildScript_$_run_closure1'
Event: 31.601 Thread 0x000002abfa0b2890 Unloading class 0x0000000801138568 '_BuildScript_'
Event: 31.601 Thread 0x000002abfa0b2890 Unloading class 0x00000008011382b0 'GradleAnnotationProcessorPatchPlugin$AnnotationProcessorModelBuilder'
Event: 31.601 Thread 0x000002abfa0b2890 Unloading class 0x0000000801138000 'GradleAnnotationProcessorPatchPlugin'

Classes redefined (0 events):
No events

Internal exceptions (20 events):
Event: 65.125 Thread 0x000002abfbdafc50 Exception <a 'java/lang/NoSuchMethodError'{0x000000060c1b97d0}: 'java.lang.Object java.lang.invoke.DirectMethodHandle$Holder.newInvokeSpecial(java.lang.Object, java.lang.Object, java.lang.Object, java.lang.Object, java.lang.Object, java.lang.Object, int, int)'> (0x000000060c1b97d0) 
thrown [c:\sb\prod\1715191057\workspace\open\src\hotspot\share\interpreter\linkResolver.cpp, line 766]
Event: 65.125 Thread 0x000002abfbdafc50 Exception <a 'java/lang/NoSuchMethodError'{0x000000060c1c06a0}: 'java.lang.Object java.lang.invoke.DirectMethodHandle$Holder.invokeSpecial(java.lang.Object, java.lang.Object, java.lang.Object, java.lang.Object, java.lang.Object, java.lang.Object, java.lang.Object, int, int)'> (0x000000060c1c06a0) 
thrown [c:\sb\prod\1715191057\workspace\open\src\hotspot\share\interpreter\linkResolver.cpp, line 766]
Event: 66.120 Thread 0x000002abfbdafc50 Exception <a 'java/lang/NoSuchMethodError'{0x000000060a144e40}: 'java.lang.Object java.lang.invoke.DirectMethodHandle$Holder.invokeStatic(java.lang.Object, int, int)'> (0x000000060a144e40) 
thrown [c:\sb\prod\1715191057\workspace\open\src\hotspot\share\interpreter\linkResolver.cpp, line 766]
Event: 66.455 Thread 0x000002abfbdafc50 Exception <a 'java/lang/NoSuchMethodError'{0x000000060d654f20}: 'java.lang.Object java.lang.invoke.DirectMethodHandle$Holder.invokeStatic(java.lang.Object, java.lang.Object, int, int)'> (0x000000060d654f20) 
thrown [c:\sb\prod\1715191057\workspace\open\src\hotspot\share\interpreter\linkResolver.cpp, line 766]
Event: 67.083 Thread 0x000002abfbdafc50 Exception <a 'java/lang/NoSuchMethodError'{0x000000060d2ee1f0}: 'java.lang.Object java.lang.invoke.DirectMethodHandle$Holder.invokeStatic(java.lang.Object, int, int, java.lang.Object)'> (0x000000060d2ee1f0) 
thrown [c:\sb\prod\1715191057\workspace\open\src\hotspot\share\interpreter\linkResolver.cpp, line 766]
Event: 67.241 Thread 0x000002abfbdafc50 Exception <a 'sun/nio/fs/WindowsException'{0x000000060ccf3148}> (0x000000060ccf3148) 
thrown [c:\sb\prod\1715191057\workspace\open\src\hotspot\share\prims\jni.cpp, line 516]
Event: 67.243 Thread 0x000002abfbdafc50 Exception <a 'sun/nio/fs/WindowsException'{0x000000060ccf52c8}> (0x000000060ccf52c8) 
thrown [c:\sb\prod\1715191057\workspace\open\src\hotspot\share\prims\jni.cpp, line 516]
Event: 67.255 Thread 0x000002abfbdafc50 Exception <a 'sun/nio/fs/WindowsException'{0x000000060cd007a8}> (0x000000060cd007a8) 
thrown [c:\sb\prod\1715191057\workspace\open\src\hotspot\share\prims\jni.cpp, line 516]
Event: 67.260 Thread 0x000002abfbdafc50 Exception <a 'sun/nio/fs/WindowsException'{0x000000060cd0d620}> (0x000000060cd0d620) 
thrown [c:\sb\prod\1715191057\workspace\open\src\hotspot\share\prims\jni.cpp, line 516]
Event: 67.264 Thread 0x000002abfbdafc50 Exception <a 'sun/nio/fs/WindowsException'{0x000000060cd15d98}> (0x000000060cd15d98) 
thrown [c:\sb\prod\1715191057\workspace\open\src\hotspot\share\prims\jni.cpp, line 516]
Event: 67.268 Thread 0x000002abfbdafc50 Exception <a 'sun/nio/fs/WindowsException'{0x000000060cd1ea90}> (0x000000060cd1ea90) 
thrown [c:\sb\prod\1715191057\workspace\open\src\hotspot\share\prims\jni.cpp, line 516]
Event: 67.276 Thread 0x000002abfbdafc50 Exception <a 'sun/nio/fs/WindowsException'{0x000000060cd26f68}> (0x000000060cd26f68) 
thrown [c:\sb\prod\1715191057\workspace\open\src\hotspot\share\prims\jni.cpp, line 516]
Event: 67.279 Thread 0x000002abfbdafc50 Exception <a 'sun/nio/fs/WindowsException'{0x000000060cd30778}> (0x000000060cd30778) 
thrown [c:\sb\prod\1715191057\workspace\open\src\hotspot\share\prims\jni.cpp, line 516]
Event: 67.282 Thread 0x000002abfbdafc50 Exception <a 'sun/nio/fs/WindowsException'{0x000000060cd38410}> (0x000000060cd38410) 
thrown [c:\sb\prod\1715191057\workspace\open\src\hotspot\share\prims\jni.cpp, line 516]
Event: 67.285 Thread 0x000002abfbdafc50 Exception <a 'sun/nio/fs/WindowsException'{0x000000060cd41968}> (0x000000060cd41968) 
thrown [c:\sb\prod\1715191057\workspace\open\src\hotspot\share\prims\jni.cpp, line 516]
Event: 67.289 Thread 0x000002abfbdafc50 Exception <a 'sun/nio/fs/WindowsException'{0x000000060cd4a930}> (0x000000060cd4a930) 
thrown [c:\sb\prod\1715191057\workspace\open\src\hotspot\share\prims\jni.cpp, line 516]
Event: 67.292 Thread 0x000002abfbdafc50 Exception <a 'sun/nio/fs/WindowsException'{0x000000060cd55fa8}> (0x000000060cd55fa8) 
thrown [c:\sb\prod\1715191057\workspace\open\src\hotspot\share\prims\jni.cpp, line 516]
Event: 67.296 Thread 0x000002abfbdafc50 Exception <a 'sun/nio/fs/WindowsException'{0x000000060cd5ce60}> (0x000000060cd5ce60) 
thrown [c:\sb\prod\1715191057\workspace\open\src\hotspot\share\prims\jni.cpp, line 516]
Event: 67.301 Thread 0x000002abfbdafc50 Exception <a 'sun/nio/fs/WindowsException'{0x000000060cd6dcc0}> (0x000000060cd6dcc0) 
thrown [c:\sb\prod\1715191057\workspace\open\src\hotspot\share\prims\jni.cpp, line 516]
Event: 67.313 Thread 0x000002abfbdafc50 Exception <a 'sun/nio/fs/WindowsException'{0x000000060cd80ed0}> (0x000000060cd80ed0) 
thrown [c:\sb\prod\1715191057\workspace\open\src\hotspot\share\prims\jni.cpp, line 516]

VM Operations (20 events):
Event: 66.273 Executing VM operation: G1CollectForAllocation
Event: 66.282 Executing VM operation: G1CollectForAllocation done
Event: 66.323 Executing VM operation: HandshakeAllThreads
Event: 66.323 Executing VM operation: HandshakeAllThreads done
Event: 66.397 Executing VM operation: G1Concurrent
Event: 66.409 Executing VM operation: G1Concurrent done
Event: 66.450 Executing VM operation: G1Concurrent
Event: 66.451 Executing VM operation: G1Concurrent done
Event: 66.679 Executing VM operation: HandshakeAllThreads
Event: 66.680 Executing VM operation: HandshakeAllThreads done
Event: 67.184 Executing VM operation: HandshakeAllThreads
Event: 67.184 Executing VM operation: HandshakeAllThreads done
Event: 67.299 Executing VM operation: ICBufferFull
Event: 67.300 Executing VM operation: ICBufferFull done
Event: 68.303 Executing VM operation: Cleanup
Event: 68.304 Executing VM operation: Cleanup done
Event: 68.656 Executing VM operation: ICBufferFull
Event: 68.656 Executing VM operation: ICBufferFull done
Event: 69.667 Executing VM operation: Cleanup
Event: 69.667 Executing VM operation: Cleanup done

Events (20 events):
Event: 64.126 Thread 0x000002abfa0db900 flushing nmethod 0x000002ab81ae6d10
Event: 64.127 Thread 0x000002abfa0db900 flushing nmethod 0x000002ab81afae90
Event: 64.127 Thread 0x000002abfa0db900 flushing nmethod 0x000002ab81b29b90
Event: 64.127 Thread 0x000002abfa0db900 flushing nmethod 0x000002ab81b31d10
Event: 64.127 Thread 0x000002abfa0db900 flushing nmethod 0x000002ab81b6d510
Event: 64.127 Thread 0x000002abfa0db900 flushing nmethod 0x000002ab81b6f890
Event: 64.127 Thread 0x000002abfa0db900 flushing nmethod 0x000002ab81b91090
Event: 64.127 Thread 0x000002abfa0db900 flushing nmethod 0x000002ab81baa710
Event: 64.128 Thread 0x000002abfa0db900 flushing nmethod 0x000002ab81c14810
Event: 64.128 Thread 0x000002abfa0db900 flushing nmethod 0x000002ab81c15f90
Event: 64.128 Thread 0x000002abfa0db900 flushing nmethod 0x000002ab81c3bb10
Event: 64.128 Thread 0x000002abfa0db900 flushing nmethod 0x000002ab81c73b10
Event: 64.128 Thread 0x000002abfa0db900 flushing nmethod 0x000002ab81c83410
Event: 64.647 Thread 0x000002abae4156c0 Thread exited: 0x000002abae4156c0
Event: 66.248 loading class java/util/Vector$Itr
Event: 66.249 loading class java/util/Vector$Itr done
Event: 67.307 loading class java/util/zip/ZipInputStream
Event: 67.308 loading class java/util/zip/ZipInputStream done
Event: 69.018 Thread 0x000002abae413350 Thread added: 0x000002abae413350
Event: 69.200 Thread 0x000002abae410ad0 Thread added: 0x000002abae410ad0


Dynamic libraries:
0x00007ff6cfde0000 - 0x00007ff6cfdee000 	C:\Program Files\Java\jdk-17\bin\java.exe
0x00007ff81e620000 - 0x00007ff81e887000 	C:\WINDOWS\SYSTEM32\ntdll.dll
0x00007ff81c9a0000 - 0x00007ff81ca69000 	C:\WINDOWS\System32\KERNEL32.DLL
0x00007ff81bfc0000 - 0x00007ff81c3b1000 	C:\WINDOWS\System32\KERNELBASE.dll
0x00007ff815300000 - 0x00007ff81539f000 	C:\WINDOWS\SYSTEM32\apphelp.dll
0x00007ff81b3e0000 - 0x00007ff81b52b000 	C:\WINDOWS\System32\ucrtbase.dll
0x00007ff80faf0000 - 0x00007ff80fb08000 	C:\Program Files\Java\jdk-17\bin\jli.dll
0x00007ff80f9e0000 - 0x00007ff80f9fa000 	C:\Program Files\Java\jdk-17\bin\VCRUNTIME140.dll
0x00007ffffc880000 - 0x00007ffffcb13000 	C:\WINDOWS\WinSxS\amd64_microsoft.windows.common-controls_6595b64144ccf1df_6.0.26100.8037_none_3e092faae333b53b\COMCTL32.dll
0x00007ff81da60000 - 0x00007ff81db09000 	C:\WINDOWS\System32\msvcrt.dll
0x00007ff81db10000 - 0x00007ff81dcd5000 	C:\WINDOWS\System32\USER32.dll
0x00007ff81d330000 - 0x00007ff81d35b000 	C:\WINDOWS\System32\GDI32.dll
0x00007ff81af00000 - 0x00007ff81af27000 	C:\WINDOWS\System32\win32u.dll
0x00007ff81af30000 - 0x00007ff81b05b000 	C:\WINDOWS\System32\gdi32full.dll
0x00007ff81bf10000 - 0x00007ff81bfb3000 	C:\WINDOWS\System32\msvcp_win.dll
0x00007ff81c3d0000 - 0x00007ff81c401000 	C:\WINDOWS\System32\IMM32.DLL
0x00007ff8150a0000 - 0x00007ff8150ac000 	C:\Program Files\Java\jdk-17\bin\vcruntime140_1.dll
0x00007ff803930000 - 0x00007ff8039bd000 	C:\Program Files\Java\jdk-17\bin\msvcp140.dll
0x00007fff86770000 - 0x00007fff87330000 	C:\Program Files\Java\jdk-17\bin\server\jvm.dll
0x00007ff81dce0000 - 0x00007ff81dd9b000 	C:\WINDOWS\System32\ADVAPI32.dll
0x00007ff81d4a0000 - 0x00007ff81d547000 	C:\WINDOWS\System32\sechost.dll
0x00007ff81d680000 - 0x00007ff81d798000 	C:\WINDOWS\System32\RPCRT4.dll
0x00007ff81c570000 - 0x00007ff81c578000 	C:\WINDOWS\System32\PSAPI.DLL
0x00007ff80dc80000 - 0x00007ff80dc8a000 	C:\WINDOWS\SYSTEM32\WSOCK32.dll
0x00007ff80e050000 - 0x00007ff80e085000 	C:\WINDOWS\SYSTEM32\WINMM.dll
0x00007ff819070000 - 0x00007ff81907b000 	C:\WINDOWS\SYSTEM32\VERSION.dll
0x00007ff81e450000 - 0x00007ff81e4c4000 	C:\WINDOWS\System32\WS2_32.dll
0x00007ff819c50000 - 0x00007ff819c6b000 	C:\WINDOWS\SYSTEM32\kernel.appcore.dll
0x00007ff80fae0000 - 0x00007ff80faea000 	C:\Program Files\Java\jdk-17\bin\jimage.dll
0x00007ff818260000 - 0x00007ff8184a2000 	C:\WINDOWS\SYSTEM32\DBGHELP.DLL
0x00007ff81c580000 - 0x00007ff81c902000 	C:\WINDOWS\System32\combase.dll
0x00007ff81d7a0000 - 0x00007ff81d877000 	C:\WINDOWS\System32\OLEAUT32.dll
0x00007ffff5b70000 - 0x00007ffff5bab000 	C:\WINDOWS\SYSTEM32\dbgcore.DLL
0x00007ff81b330000 - 0x00007ff81b3d5000 	C:\WINDOWS\System32\bcryptPrimitives.dll
0x00007ff80d870000 - 0x00007ff80d87e000 	C:\Program Files\Java\jdk-17\bin\instrument.dll
0x00007ff804680000 - 0x00007ff8046a5000 	C:\Program Files\Java\jdk-17\bin\java.dll
0x00007fffb5700000 - 0x00007fffb57d6000 	C:\Program Files\Java\jdk-17\bin\svml.dll
0x00007ff81cbc0000 - 0x00007ff81d31f000 	C:\WINDOWS\System32\SHELL32.dll
0x00007ff81bda0000 - 0x00007ff81bf0a000 	C:\WINDOWS\System32\wintypes.dll
0x00007ff81b530000 - 0x00007ff81bd94000 	C:\WINDOWS\System32\windows.storage.dll
0x00007ff81d580000 - 0x00007ff81d677000 	C:\WINDOWS\System32\SHCORE.dll
0x00007ff81e570000 - 0x00007ff81e5d7000 	C:\WINDOWS\System32\shlwapi.dll
0x00007ff81ae20000 - 0x00007ff81ae49000 	C:\WINDOWS\SYSTEM32\profapi.dll
0x00007ff804630000 - 0x00007ff804648000 	C:\Program Files\Java\jdk-17\bin\zip.dll
0x00007ff804610000 - 0x00007ff804629000 	C:\Program Files\Java\jdk-17\bin\net.dll
0x00007ff8111c0000 - 0x00007ff8112e7000 	C:\WINDOWS\SYSTEM32\WINHTTP.dll
0x00007ff81a1a0000 - 0x00007ff81a20b000 	C:\WINDOWS\system32\mswsock.dll
0x00007ff803910000 - 0x00007ff803925000 	C:\Program Files\Java\jdk-17\bin\nio.dll
0x00007ff80d860000 - 0x00007ff80d870000 	C:\Program Files\Java\jdk-17\bin\verify.dll
0x00007fffad9c0000 - 0x00007fffad9e7000 	C:\Users\user\.gradle\native\1def1411415f61bf3af743bc5b6707747c0891f09f0c88961ee8f79bc544acac\windows-amd64\native-platform.dll
0x00007fffff7b0000 - 0x00007fffff828000 	C:\Users\user\.gradle\native\0.2.7\x86_64-windows-gnu\gradle-fileevents.dll
0x00007ff804670000 - 0x00007ff804679000 	C:\Program Files\Java\jdk-17\bin\management.dll
0x00007ff803900000 - 0x00007ff80390b000 	C:\Program Files\Java\jdk-17\bin\management_ext.dll
0x00007ff819640000 - 0x00007ff819673000 	C:\WINDOWS\SYSTEM32\IPHLPAPI.DLL
0x00007ff81e560000 - 0x00007ff81e56a000 	C:\WINDOWS\System32\NSI.dll
0x00007ff8126c0000 - 0x00007ff8126dd000 	C:\WINDOWS\SYSTEM32\dhcpcsvc6.DLL
0x00007ff812690000 - 0x00007ff8126b3000 	C:\WINDOWS\SYSTEM32\dhcpcsvc.DLL
0x00007ff8196d0000 - 0x00007ff8197fa000 	C:\WINDOWS\SYSTEM32\DNSAPI.dll
0x00007ff81a5a0000 - 0x00007ff81a5bb000 	C:\WINDOWS\SYSTEM32\CRYPTSP.dll
0x00007ff819bb0000 - 0x00007ff819be9000 	C:\WINDOWS\system32\rsaenh.dll
0x00007ff81a250000 - 0x00007ff81a282000 	C:\WINDOWS\SYSTEM32\USERENV.dll
0x00007ff81adf0000 - 0x00007ff81ae1a000 	C:\WINDOWS\SYSTEM32\bcrypt.dll
0x00007ff81a400000 - 0x00007ff81a40c000 	C:\WINDOWS\SYSTEM32\CRYPTBASE.dll
0x00007ff8038f0000 - 0x00007ff8038fe000 	C:\Program Files\Java\jdk-17\bin\sunmscapi.dll
0x00007ff81b1b0000 - 0x00007ff81b327000 	C:\WINDOWS\System32\CRYPT32.dll
0x00007ff81a700000 - 0x00007ff81a730000 	C:\WINDOWS\SYSTEM32\ncrypt.dll
0x00007ff81a6b0000 - 0x00007ff81a6ef000 	C:\WINDOWS\SYSTEM32\NTASN1.dll
0x00007fffe9430000 - 0x00007fffe9438000 	C:\WINDOWS\system32\wshunix.dll
0x00007fffece60000 - 0x00007fffece78000 	C:\WINDOWS\system32\napinsp.dll
0x00007fffece20000 - 0x00007fffece32000 	C:\WINDOWS\System32\winrnr.dll
0x00007fffecdf0000 - 0x00007fffece12000 	C:\WINDOWS\system32\nlansp_c.dll
0x00007ff80e010000 - 0x00007ff80e026000 	C:\WINDOWS\system32\wshbth.dll
0x00007ff811440000 - 0x00007ff81144b000 	C:\Windows\System32\rasadhlp.dll
0x00007ff812940000 - 0x00007ff8129c6000 	C:\WINDOWS\System32\fwpuclnt.dll

dbghelp: loaded successfully - version: 4.0.5 - missing functions: none
symbol engine: initialized successfully - sym options: 0x614 - pdb path: .;C:\Program Files\Java\jdk-17\bin;C:\WINDOWS\SYSTEM32;C:\WINDOWS\WinSxS\amd64_microsoft.windows.common-controls_6595b64144ccf1df_6.0.26100.8037_none_3e092faae333b53b;C:\Program Files\Java\jdk-17\bin\server;C:\Users\user\.gradle\native\1def1411415f61bf3af743bc5b6707747c0891f09f0c88961ee8f79bc544acac\windows-amd64;C:\Users\user\.gradle\native\0.2.7\x86_64-windows-gnu

VM Arguments:
jvm_args: --add-opens=java.base/java.lang=ALL-UNNAMED --add-opens=java.base/java.lang.invoke=ALL-UNNAMED --add-opens=java.base/java.util=ALL-UNNAMED --add-opens=java.prefs/java.util.prefs=ALL-UNNAMED --add-exports=jdk.compiler/com.sun.tools.javac.api=ALL-UNNAMED --add-exports=jdk.compiler/com.sun.tools.javac.util=ALL-UNNAMED --add-opens=java.base/java.util=ALL-UNNAMED --add-opens=java.prefs/java.util.prefs=ALL-UNNAMED --add-opens=java.base/java.nio.charset=ALL-UNNAMED --add-opens=java.base/java.net=ALL-UNNAMED --add-opens=java.base/java.util.concurrent.atomic=ALL-UNNAMED --add-opens=java.xml/javax.xml.namespace=ALL-UNNAMED -XX:MaxMetaspaceSize=4G -XX:ReservedCodeCacheSize=512m -XX:+HeapDumpOnOutOfMemoryError -Xmx8G -Dfile.encoding=UTF-8 -Duser.country=IN -Duser.language=en -Duser.variant -javaagent:C:\Users\user\.gradle\wrapper\dists\gradle-8.14-all\c2qonpi39x1mddn7hk5gh9iqj\gradle-8.14\lib\agents\gradle-instrumentation-agent-8.14.jar 
java_command: org.gradle.launcher.daemon.bootstrap.GradleDaemon 8.14
java_class_path (initial): C:\Users\user\.gradle\wrapper\dists\gradle-8.14-all\c2qonpi39x1mddn7hk5gh9iqj\gradle-8.14\lib\gradle-daemon-main-8.14.jar
Launcher Type: SUN_STANDARD

[Global flags]
     intx CICompilerCount                          = 4                                         {product} {ergonomic}
     uint ConcGCThreads                            = 3                                         {product} {ergonomic}
     uint G1ConcRefinementThreads                  = 10                                        {product} {ergonomic}
   size_t G1HeapRegionSize                         = 4194304                                   {product} {ergonomic}
    uintx GCDrainStackTargetSize                   = 64                                        {product} {ergonomic}
     bool HeapDumpOnOutOfMemoryError               = true                                   {manageable} {command line}
   size_t InitialHeapSize                          = 130023424                                 {product} {ergonomic}
   size_t MarkStackSize                            = 4194304                                   {product} {ergonomic}
   size_t MaxHeapSize                              = 8589934592                                {product} {command line}
   size_t MaxMetaspaceSize                         = 4294967296                                {product} {command line}
   size_t MaxNewSize                               = 5150605312                                {product} {ergonomic}
   size_t MinHeapDeltaBytes                        = 4194304                                   {product} {ergonomic}
   size_t MinHeapSize                              = 8388608                                   {product} {ergonomic}
    uintx NonNMethodCodeHeapSize                   = 5839372                                {pd product} {ergonomic}
    uintx NonProfiledCodeHeapSize                  = 265515770                              {pd product} {ergonomic}
    uintx ProfiledCodeHeapSize                     = 265515770                              {pd product} {ergonomic}
    uintx ReservedCodeCacheSize                    = 536870912                              {pd product} {command line}
     bool SegmentedCodeCache                       = true                                      {product} {ergonomic}
   size_t SoftMaxHeapSize                          = 8589934592                             {manageable} {ergonomic}
   double SweeperThreshold                         = 0.234375                                  {product} {ergonomic}
     bool UseCompressedClassPointers               = true                           {product lp64_product} {ergonomic}
     bool UseCompressedOops                        = true                           {product lp64_product} {ergonomic}
     bool UseG1GC                                  = true                                      {product} {ergonomic}
     bool UseLargePagesIndividualAllocation        = false                                  {pd product} {ergonomic}

Logging:
Log output configuration:
 #0: stdout all=warning uptime,level,tags
 #1: stderr all=off uptime,level,tags

Environment Variables:
JAVA_HOME=C:\Program Files\Java\jdk-17
PATH=C:\Users\user\AppData\Local\Programs\Microsoft VS Code;C:\Python314\Scripts\;C:\Python314\;C:\Program Files (x86)\Common Files\Oracle\Java\java8path;C:\Program Files (x86)\Common Files\Oracle\Java\javapath;C:\WINDOWS\system32;C:\WINDOWS;C:\WINDOWS\System32\Wbem;C:\WINDOWS\System32\WindowsPowerShell\v1.0\;C:\WINDOWS\System32\OpenSSH\;C:\Program Files\Git\cmd;C:\ProgramData\chocolatey\bin;C:\Program Files\nodejs\;C:\Program Files\MySQL\MySQL Server 8.0\bin;C:\Program Files\MySQL\MySQL Shell 8.0\bin\;C:\Users\user\AppData\Local\Microsoft\WindowsApps;C:\Users\user\AppData\Local\Programs\Microsoft VS Code\bin;C:\Users\user\AppData\Local\GitHubDesktop\bin;C:\Program Files\Java\jdk-17\bin;C:\src\flutter\bin;C:\Users\user\AppData\Local\Android\Sdk\cmdline-tools\latest\bin;C:\Users\user\AppData\Local\Android\Sdk\platform-tools;C:\Users\user\AppData\Local\Pub\Cache\bin;C:\Users\user\.shorebird\bin;C:\firebase-tools;D:\flutter_pub_cache\bin;C:\Users\user\AppData\Roaming\npm
USERNAME=user
OS=Windows_NT
PROCESSOR_IDENTIFIER=Intel64 Family 6 Model 186 Stepping 2, GenuineIntel



---------------  S Y S T E M  ---------------

OS:
 Windows 10 , 64 bit Build 26100 (10.0.26100.7920)
OS uptime: 31 days 21:29 hours
Hyper-V role detected

CPU: total 12 (initial active 12) (6 cores per cpu, 2 threads per core) family 6 model 186 stepping 2 microcode 0x4128, cx8, cmov, fxsr, ht, mmx, 3dnowpref, sse, sse2, sse3, ssse3, sse4.1, sse4.2, popcnt, lzcnt, tsc, tscinvbit, avx, avx2, aes, erms, clmul, bmi1, bmi2, adx, sha, fma, vzeroupper, clflush, clflushopt, clwb, hv

Memory: 4k page, system-wide physical 7915M (1000M free)
TotalPageFile size 32491M (AvailPageFile size 429M)
current process WorkingSet (physical memory assigned to process): 428M, peak: 428M
current process commit charge ("private bytes"): 601M, peak: 602M

vm_info: OpenJDK 64-Bit Server VM (17.0.0.1+2-3) for windows-amd64 JRE (17.0.0.1+2-3), built on May  8 2024 19:05:00 by "mach5one" with MS VC++ 16.8 (VS2019)

END.
